hoangduytran@Hoangs-MacBook-Pro Python % brew install python@3.9
Updating Homebrew...
==> Auto-updated Homebrew!
Updated 1 tap (homebrew/core).
==> New Formulae
autoconf@2.69          caire                  cidr2range             matterbridge           proj@7                 qthreads               range2cidr             storj-uplink           universal-ctags
==> Updated Formulae
Updated 568 formulae.
==> Renamed Formulae
badtouch -> authoscope

==> Downloading https://ghcr.io/v2/homebrew/core/python/3.9/manifests/3.9.5
######################################################################## 100.0%
==> Downloading https://ghcr.io/v2/homebrew/core/python/3.9/blobs/sha256:316baac980aa0a3dac263d64de41c4f09b06945a3da1556549a68949a93e4484
==> Downloading from https://pkg-containers.githubusercontent.com/ghcr1/blobs/sha256:316baac980aa0a3dac263d64de41c4f09b06945a3da1556549a68949a93e4484?se=2021-05-30T22%3A25%3A00Z&sig=XbIbRuQTBdWMCwxRW4NQ8FJ
######################################################################## 100.0%
==> Pouring python@3.9--3.9.5.big_sur.bottle.tar.gz
==> /usr/local/Cellar/python@3.9/3.9.5/bin/python3 -m ensurepip
==> /usr/local/Cellar/python@3.9/3.9.5/bin/python3 -m pip install -v --no-deps --no-index --upgrade --isolated --target=/usr/local/lib/python3.9/site-packages /usr/local/Cellar/python@3.9/3.9.5/Frameworks/
==> Caveats
Python has been installed as
  /usr/local/bin/python3

Unversioned symlinks `python`, `python-config`, `pip` etc. pointing to
`python3`, `python3-config`, `pip3` etc., respectively, have been installed into
  /usr/local/opt/python@3.9/libexec/bin

You can install Python packages with
  pip3 install <package>
They will install into the site-package directory
  /usr/local/lib/python3.9/site-packages

tkinter is no longer included with this formula, but it is available separately:
  brew install python-tk@3.9

See: https://docs.brew.sh/Homebrew-and-Python
==> Summary
🍺  /usr/local/Cellar/python@3.9/3.9.5: 3,078 files, 54.5MB
hoangduytran@Hoangs-MacBook-Pro Python %