(tran) hoangduytran@Hoangs-MBP tran % brew install imagemagick
Updating Homebrew...
==> Auto-updated Homebrew!
Updated 2 taps (homebrew/core and homebrew/cask).
==> New Formulae
yq@3
==> Updated Formulae
Updated 209 formulae.
==> Renamed Formulae
gtk+4 -> gtk4
==> New Casks
atemosc                    imobie-m1-app-checker      spaceman
grid                       intellidock                unclack
==> Updated Casks
Updated 135 casks.
==> Deleted Casks
google-hangouts

==> Downloading https://homebrew.bintray.com/bottles/libpng-1.6.37.catalina.bott
==> Downloading from https://d29vzk4ow07wi7.cloudfront.net/c8e74da602c21f978cd7e
######################################################################## 100.0%
==> Downloading https://homebrew.bintray.com/bottles/freetype-2.10.4.catalina.bo
==> Downloading from https://d29vzk4ow07wi7.cloudfront.net/b4e7683ae202c49280024
######################################################################## 100.0%
==> Downloading https://homebrew.bintray.com/bottles/jpeg-9d.catalina.bottle.tar
==> Downloading from https://d29vzk4ow07wi7.cloudfront.net/8f7b82a952fb3937889c7
######################################################################## 100.0%
==> Downloading https://homebrew.bintray.com/bottles/libtiff-4.2.0.catalina.bott
==> Downloading from https://d29vzk4ow07wi7.cloudfront.net/208176ae2c5642eb0dff7
######################################################################## 100.0%
==> Downloading https://homebrew.bintray.com/bottles/ghostscript-9.53.3_1.catali
==> Downloading from https://d29vzk4ow07wi7.cloudfront.net/cf523782d68ba11a93631
######################################################################## 100.0%
==> Downloading https://homebrew.bintray.com/bottles/aom-2.0.1.catalina.bottle.t
==> Downloading from https://d29vzk4ow07wi7.cloudfront.net/ebac8d7473e89b82ad000
######################################################################## 100.0%
==> Downloading https://homebrew.bintray.com/bottles/libde265-1.0.8.catalina.bot
==> Downloading from https://d29vzk4ow07wi7.cloudfront.net/774fe5c9c849784aa1064
######################################################################## 100.0%
==> Downloading https://homebrew.bintray.com/bottles/pcre-8.44.catalina.bottle.t
==> Downloading from https://d29vzk4ow07wi7.cloudfront.net/f8ac266e04f984fa55091
######################################################################## 100.0%
==> Downloading https://homebrew.bintray.com/bottles/python%403.9-3.9.1_4.catali
==> Downloading from https://d29vzk4ow07wi7.cloudfront.net/43cb32e992849611802ba
######################################################################## 100.0%
==> Downloading https://homebrew.bintray.com/bottles/glib-2.66.4_1.catalina.bott
==> Downloading from https://d29vzk4ow07wi7.cloudfront.net/be6477600e402b953ad33
######################################################################## 100.0%
==> Downloading https://homebrew.bintray.com/bottles/docbook-5.1_1.catalina.bott
==> Downloading from https://d29vzk4ow07wi7.cloudfront.net/8152e5356c47a7b8282f3
######################################################################## 100.0%
==> Downloading https://homebrew.bintray.com/bottles/docbook-xsl-1.79.2_1.catali
==> Downloading from https://d29vzk4ow07wi7.cloudfront.net/65a5442556a88a865ef37
######################################################################## 100.0%
==> Downloading https://homebrew.bintray.com/bottles/gnu-getopt-2.36.1.catalina.
######################################################################## 100.0%
==> Downloading https://homebrew.bintray.com/bottles/xmlto-0.0.28.catalina.bottl
######################################################################## 100.0%
==> Downloading https://homebrew.bintray.com/bottles/shared-mime-info-2.1.catali
==> Downloading from https://d29vzk4ow07wi7.cloudfront.net/8cb87ae2f3014998eceba
######################################################################## 100.0%
==> Downloading https://homebrew.bintray.com/bottles/x265-3.4_2.catalina.bottle.
==> Downloading from https://d29vzk4ow07wi7.cloudfront.net/c7be7296406476bf93e13
######################################################################## 100.0%
==> Downloading https://homebrew.bintray.com/bottles/libheif-1.10.0.catalina.bot
==> Downloading from https://d29vzk4ow07wi7.cloudfront.net/977d0b6b904a292dad214
######################################################################## 100.0%
==> Downloading https://homebrew.bintray.com/bottles/liblqr-0.4.2_1.catalina.bot
######################################################################## 100.0%
==> Downloading https://homebrew.bintray.com/bottles/libomp-11.0.0.catalina.bott
==> Downloading from https://d29vzk4ow07wi7.cloudfront.net/a882de3c79dd02d1fd9c6
######################################################################## 100.0%
==> Downloading https://homebrew.bintray.com/bottles/libtool-2.4.6_2.catalina.bo
==> Downloading from https://d29vzk4ow07wi7.cloudfront.net/af317b35d0a394b7ef55f
######################################################################## 100.0%
==> Downloading https://homebrew.bintray.com/bottles/little-cms2-2.11.catalina.b
==> Downloading from https://d29vzk4ow07wi7.cloudfront.net/b0fe7486871b0fb0e3401
######################################################################## 100.0%
==> Downloading https://homebrew.bintray.com/bottles/ilmbase-2.5.4.catalina.bott
==> Downloading from https://d29vzk4ow07wi7.cloudfront.net/dc14e8650e42b22189ce3
######################################################################## 100.0%
==> Downloading https://homebrew.bintray.com/bottles/openexr-2.5.4.catalina.bott
==> Downloading from https://d29vzk4ow07wi7.cloudfront.net/8f146ff213eda72a32613
######################################################################## 100.0%
==> Downloading https://homebrew.bintray.com/bottles/openjpeg-2.3.1.catalina.bot
==> Downloading from https://d29vzk4ow07wi7.cloudfront.net/29b9e0e1ed01683fd26a2
######################################################################## 100.0%
==> Downloading https://homebrew.bintray.com/bottles/webp-1.1.0.catalina.bottle.
==> Downloading from https://d29vzk4ow07wi7.cloudfront.net/27c76a7054277ff5a2e84
######################################################################## 100.0%
==> Downloading https://homebrew.bintray.com/bottles/imagemagick-7.0.10-56.catal
==> Downloading from https://d29vzk4ow07wi7.cloudfront.net/64df851ec1f2b8fc7e9a2
######################################################################## 100.0%
==> Installing dependencies for imagemagick: libpng, freetype, jpeg, libtiff, ghostscript, aom, libde265, pcre, python@3.9, glib, docbook, docbook-xsl, gnu-getopt, xmlto, shared-mime-info, x265, libheif, liblqr, libomp, libtool, little-cms2, ilmbase, openexr, openjpeg and webp
==> Installing imagemagick dependency: libpng
==> Pouring libpng-1.6.37.catalina.bottle.tar.gz
ðŸº  /usr/local/Cellar/libpng/1.6.37: 27 files, 1.2MB
==> Installing imagemagick dependency: freetype
==> Pouring freetype-2.10.4.catalina.bottle.tar.gz
ðŸº  /usr/local/Cellar/freetype/2.10.4: 64 files, 2.3MB
==> Installing imagemagick dependency: jpeg
==> Pouring jpeg-9d.catalina.bottle.tar.gz
ðŸº  /usr/local/Cellar/jpeg/9d: 21 files, 775.2KB
==> Installing imagemagick dependency: libtiff
==> Pouring libtiff-4.2.0.catalina.bottle.tar.gz
ðŸº  /usr/local/Cellar/libtiff/4.2.0: 248 files, 4.4MB
==> Installing imagemagick dependency: ghostscript
==> Pouring ghostscript-9.53.3_1.catalina.bottle.tar.gz
ðŸº  /usr/local/Cellar/ghostscript/9.53.3_1: 668 files, 89.3MB
==> Installing imagemagick dependency: aom
==> Pouring aom-2.0.1.catalina.bottle.tar.gz
ðŸº  /usr/local/Cellar/aom/2.0.1: 19 files, 16.2MB
==> Installing imagemagick dependency: libde265
==> Pouring libde265-1.0.8.catalina.bottle.tar.gz
ðŸº  /usr/local/Cellar/libde265/1.0.8: 22 files, 2.3MB
==> Installing imagemagick dependency: pcre
==> Pouring pcre-8.44.catalina.bottle.tar.gz
ðŸº  /usr/local/Cellar/pcre/8.44: 204 files, 5.5MB
==> Installing imagemagick dependency: python@3.9
==> Pouring python@3.9-3.9.1_4.catalina.bottle.tar.gz
==> /usr/local/Cellar/python@3.9/3.9.1_4/bin/python3 -m ensurepip
==> /usr/local/Cellar/python@3.9/3.9.1_4/bin/pip3 install -v --global-option=--no-user-cfg --install-option=--force --install-option=--single-version-externally-managed --install-option=--record=installed.txt --upgrade --target=/usr/local/lib/python3.9/site-packag
==> Caveats
Python has been installed as
  /usr/local/bin/python3

Unversioned symlinks `python`, `python-config`, `pip` etc. pointing to
`python3`, `python3-config`, `pip3` etc., respectively, have been installed into
  /usr/local/opt/python@3.9/libexec/bin

You can install Python packages with
  pip3 install <package>
They will install into the site-package directory
  /usr/local/lib/python3.9/site-packages

See: https://docs.brew.sh/Homebrew-and-Python
==> Summary
ðŸº  /usr/local/Cellar/python@3.9/3.9.1_4: 3,932 files, 64.2MB
==> Installing imagemagick dependency: glib
==> Pouring glib-2.66.4_1.catalina.bottle.1.tar.gz
ðŸº  /usr/local/Cellar/glib/2.66.4_1: 441 files, 20.8MB
==> Installing imagemagick dependency: docbook
==> Pouring docbook-5.1_1.catalina.bottle.tar.gz
==> xmlcatalog --noout --create /usr/local/etc/xml/catalog
==> xmlcatalog --noout --del file:///usr/local/opt/docbook/docbook/xml/4.2/catalog.xml /usr/local/etc/xml/catalog
==> xmlcatalog --noout --add nextCatalog  file:///usr/local/opt/docbook/docbook/xml/4.2/catalog.xml /usr/local/etc/xml/catalog
==> xmlcatalog --noout --del file:///usr/local/opt/docbook/docbook/xml/4.1.2/catalog.xml /usr/local/etc/xml/catalog
==> xmlcatalog --noout --add nextCatalog  file:///usr/local/opt/docbook/docbook/xml/4.1.2/catalog.xml /usr/local/etc/xml/catalog
==> xmlcatalog --noout --del file:///usr/local/opt/docbook/docbook/xml/4.3/catalog.xml /usr/local/etc/xml/catalog
==> xmlcatalog --noout --add nextCatalog  file:///usr/local/opt/docbook/docbook/xml/4.3/catalog.xml /usr/local/etc/xml/catalog
==> xmlcatalog --noout --del file:///usr/local/opt/docbook/docbook/xml/4.4/catalog.xml /usr/local/etc/xml/catalog
==> xmlcatalog --noout --add nextCatalog  file:///usr/local/opt/docbook/docbook/xml/4.4/catalog.xml /usr/local/etc/xml/catalog
==> xmlcatalog --noout --del file:///usr/local/opt/docbook/docbook/xml/4.5/catalog.xml /usr/local/etc/xml/catalog
==> xmlcatalog --noout --add nextCatalog  file:///usr/local/opt/docbook/docbook/xml/4.5/catalog.xml /usr/local/etc/xml/catalog
==> xmlcatalog --noout --del file:///usr/local/opt/docbook/docbook/xml/5.0/catalog.xml /usr/local/etc/xml/catalog
==> xmlcatalog --noout --add nextCatalog  file:///usr/local/opt/docbook/docbook/xml/5.0/catalog.xml /usr/local/etc/xml/catalog
==> xmlcatalog --noout --del file:///usr/local/opt/docbook/docbook/xml/5.1/catalog.xml /usr/local/etc/xml/catalog
==> xmlcatalog --noout --add nextCatalog  file:///usr/local/opt/docbook/docbook/xml/5.1/catalog.xml /usr/local/etc/xml/catalog
==> Caveats
To use the DocBook package in your XML toolchain,
you need to add the following to your ~/.bashrc:

export XML_CATALOG_FILES="/usr/local/etc/xml/catalog"
==> Summary
ðŸº  /usr/local/Cellar/docbook/5.1_1: 199 files, 8.9MB
==> Installing imagemagick dependency: docbook-xsl
==> Pouring docbook-xsl-1.79.2_1.catalina.bottle.tar.gz
==> xmlcatalog --noout --del file:///usr/local/opt/docbook-xsl/docbook-xsl/catalog.xml /usr/local/etc/xml/catalog
==> xmlcatalog --noout --add nextCatalog  file:///usr/local/opt/docbook-xsl/docbook-xsl/catalog.xml /usr/local/etc/xml/catalog
==> xmlcatalog --noout --del https://cdn.docbook.org/release/xsl-nons/1.79.2 /usr/local/etc/xml/catalog
==> xmlcatalog --noout --add rewriteSystem https://cdn.docbook.org/release/xsl-nons/1.79.2 file:///usr/local/opt/docbook-xsl/docbook-xsl /usr/local/etc/xml/catalog
==> xmlcatalog --noout --add rewriteURI https://cdn.docbook.org/release/xsl-nons/1.79.2 file:///usr/local/opt/docbook-xsl/docbook-xsl /usr/local/etc/xml/catalog
==> xmlcatalog --noout --del https://cdn.docbook.org/release/xsl-nons/current /usr/local/etc/xml/catalog
==> xmlcatalog --noout --add rewriteSystem https://cdn.docbook.org/release/xsl-nons/current file:///usr/local/opt/docbook-xsl/docbook-xsl /usr/local/etc/xml/catalog
==> xmlcatalog --noout --add rewriteURI https://cdn.docbook.org/release/xsl-nons/current file:///usr/local/opt/docbook-xsl/docbook-xsl /usr/local/etc/xml/catalog
==> xmlcatalog --noout --del http://docbook.sourceforge.net/release/xsl/1.79.2 /usr/local/etc/xml/catalog
==> xmlcatalog --noout --add rewriteSystem http://docbook.sourceforge.net/release/xsl/1.79.2 file:///usr/local/opt/docbook-xsl/docbook-xsl /usr/local/etc/xml/catalog
==> xmlcatalog --noout --add rewriteURI http://docbook.sourceforge.net/release/xsl/1.79.2 file:///usr/local/opt/docbook-xsl/docbook-xsl /usr/local/etc/xml/catalog
==> xmlcatalog --noout --del http://docbook.sourceforge.net/release/xsl/current /usr/local/etc/xml/catalog
==> xmlcatalog --noout --add rewriteSystem http://docbook.sourceforge.net/release/xsl/current file:///usr/local/opt/docbook-xsl/docbook-xsl /usr/local/etc/xml/catalog
==> xmlcatalog --noout --add rewriteURI http://docbook.sourceforge.net/release/xsl/current file:///usr/local/opt/docbook-xsl/docbook-xsl /usr/local/etc/xml/catalog
==> xmlcatalog --noout --del file:///usr/local/opt/docbook-xsl/docbook-xsl-ns/catalog.xml /usr/local/etc/xml/catalog
==> xmlcatalog --noout --add nextCatalog  file:///usr/local/opt/docbook-xsl/docbook-xsl-ns/catalog.xml /usr/local/etc/xml/catalog
==> xmlcatalog --noout --del https://cdn.docbook.org/release/xsl/1.79.2 /usr/local/etc/xml/catalog
==> xmlcatalog --noout --add rewriteSystem https://cdn.docbook.org/release/xsl/1.79.2 file:///usr/local/opt/docbook-xsl/docbook-xsl-ns /usr/local/etc/xml/catalog
==> xmlcatalog --noout --add rewriteURI https://cdn.docbook.org/release/xsl/1.79.2 file:///usr/local/opt/docbook-xsl/docbook-xsl-ns /usr/local/etc/xml/catalog
==> xmlcatalog --noout --del https://cdn.docbook.org/release/xsl/current /usr/local/etc/xml/catalog
==> xmlcatalog --noout --add rewriteSystem https://cdn.docbook.org/release/xsl/current file:///usr/local/opt/docbook-xsl/docbook-xsl-ns /usr/local/etc/xml/catalog
==> xmlcatalog --noout --add rewriteURI https://cdn.docbook.org/release/xsl/current file:///usr/local/opt/docbook-xsl/docbook-xsl-ns /usr/local/etc/xml/catalog
==> xmlcatalog --noout --del http://docbook.sourceforge.net/release/xsl-ns/1.79.2 /usr/local/etc/xml/catalog
==> xmlcatalog --noout --add rewriteSystem http://docbook.sourceforge.net/release/xsl-ns/1.79.2 file:///usr/local/opt/docbook-xsl/docbook-xsl-ns /usr/local/etc/xml/catalog
==> xmlcatalog --noout --add rewriteURI http://docbook.sourceforge.net/release/xsl-ns/1.79.2 file:///usr/local/opt/docbook-xsl/docbook-xsl-ns /usr/local/etc/xml/catalog
==> xmlcatalog --noout --del http://docbook.sourceforge.net/release/xsl-ns/current /usr/local/etc/xml/catalog
==> xmlcatalog --noout --add rewriteSystem http://docbook.sourceforge.net/release/xsl-ns/current file:///usr/local/opt/docbook-xsl/docbook-xsl-ns /usr/local/etc/xml/catalog
==> xmlcatalog --noout --add rewriteURI http://docbook.sourceforge.net/release/xsl-ns/current file:///usr/local/opt/docbook-xsl/docbook-xsl-ns /usr/local/etc/xml/catalog
ðŸº  /usr/local/Cellar/docbook-xsl/1.79.2_1: 4,910 files, 94.0MB
==> Installing imagemagick dependency: gnu-getopt
==> Pouring gnu-getopt-2.36.1.catalina.bottle.tar.gz
==> Caveats
gnu-getopt is keg-only, which means it was not symlinked into /usr/local,
because macOS already provides this software and installing another version in
parallel can cause all kinds of trouble.

If you need to have gnu-getopt first in your PATH run:
  echo 'export PATH="/usr/local/opt/gnu-getopt/bin:$PATH"' >> ~/.zshrc

==> Summary
ðŸº  /usr/local/Cellar/gnu-getopt/2.36.1: 10 files, 199.3KB
==> Installing imagemagick dependency: xmlto
==> Pouring xmlto-0.0.28.catalina.bottle.2.tar.gz
ðŸº  /usr/local/Cellar/xmlto/0.0.28: 46 files, 174.3KB
==> Installing imagemagick dependency: shared-mime-info
==> Pouring shared-mime-info-2.1.catalina.bottle.tar.gz
==> /usr/local/Cellar/shared-mime-info/2.1/bin/update-mime-database /usr/local/share/mime
ðŸº  /usr/local/Cellar/shared-mime-info/2.1: 86 files, 4.5MB
==> Installing imagemagick dependency: x265
==> Pouring x265-3.4_2.catalina.bottle.tar.gz
ðŸº  /usr/local/Cellar/x265/3.4_2: 11 files, 35.8MB
==> Installing imagemagick dependency: libheif
==> Pouring libheif-1.10.0.catalina.bottle.1.tar.gz
==> /usr/local/opt/shared-mime-info/bin/update-mime-database /usr/local/share/mime
ðŸº  /usr/local/Cellar/libheif/1.10.0: 25 files, 7.4MB
==> Installing imagemagick dependency: liblqr
==> Pouring liblqr-0.4.2_1.catalina.bottle.1.tar.gz
ðŸº  /usr/local/Cellar/liblqr/0.4.2_1: 24 files, 133.5KB
==> Installing imagemagick dependency: libomp
==> Pouring libomp-11.0.0.catalina.bottle.tar.gz
ðŸº  /usr/local/Cellar/libomp/11.0.0: 9 files, 1.4MB
==> Installing imagemagick dependency: libtool
==> Pouring libtool-2.4.6_2.catalina.bottle.tar.gz
==> Caveats
In order to prevent conflicts with Apple's own libtool we have prepended a "g"
so, you have instead: glibtool and glibtoolize.
==> Summary
ðŸº  /usr/local/Cellar/libtool/2.4.6_2: 71 files, 3.7MB
==> Installing imagemagick dependency: little-cms2
==> Pouring little-cms2-2.11.catalina.bottle.tar.gz
ðŸº  /usr/local/Cellar/little-cms2/2.11: 21 files, 1MB
==> Installing imagemagick dependency: ilmbase
==> Pouring ilmbase-2.5.4.catalina.bottle.tar.gz
ðŸº  /usr/local/Cellar/ilmbase/2.5.4: 87 files, 1.8MB
==> Installing imagemagick dependency: openexr
==> Pouring openexr-2.5.4.catalina.bottle.tar.gz
ðŸº  /usr/local/Cellar/openexr/2.5.4: 152 files, 6.9MB
==> Installing imagemagick dependency: openjpeg
==> Pouring openjpeg-2.3.1.catalina.bottle.tar.gz
ðŸº  /usr/local/Cellar/openjpeg/2.3.1: 516 files, 13.9MB
==> Installing imagemagick dependency: webp
==> Pouring webp-1.1.0.catalina.bottle.tar.gz
ðŸº  /usr/local/Cellar/webp/1.1.0: 39 files, 2.1MB
==> Installing imagemagick
==> Pouring imagemagick-7.0.10-56.catalina.bottle.tar.gz
ðŸº  /usr/local/Cellar/imagemagick/7.0.10-56: 797 files, 29.8MB
==> Caveats
==> python@3.9
Python has been installed as
  /usr/local/bin/python3

Unversioned symlinks `python`, `python-config`, `pip` etc. pointing to
`python3`, `python3-config`, `pip3` etc., respectively, have been installed into
  /usr/local/opt/python@3.9/libexec/bin

You can install Python packages with
  pip3 install <package>
They will install into the site-package directory
  /usr/local/lib/python3.9/site-packages

See: https://docs.brew.sh/Homebrew-and-Python
==> docbook
To use the DocBook package in your XML toolchain,
you need to add the following to your ~/.bashrc:

export XML_CATALOG_FILES="/usr/local/etc/xml/catalog"
==> gnu-getopt
gnu-getopt is keg-only, which means it was not symlinked into /usr/local,
because macOS already provides this software and installing another version in
parallel can cause all kinds of trouble.

If you need to have gnu-getopt first in your PATH run:
  echo 'export PATH="/usr/local/opt/gnu-getopt/bin:$PATH"' >> ~/.zshrc

==> libtool
In order to prevent conflicts with Apple's own libtool we have prepended a "g"
so, you have instead: glibtool and glibtoolize.
(tran) hoangduytran@Hoangs-MBP tran % brew install ghostscript
Warning: ghostscript 9.53.3_1 is already installed and up-to-date
To reinstall 9.53.3_1, run `brew reinstall ghostscript`
(tran) hoangduytran@Hoangs-MBP tran % 