Hoangs-MBP:~ hoangduytran$ brew install pypy
Updating Homebrew...
==> Homebrew is run entirely by unpaid volunteers. Please consider donating:
  https://github.com/Homebrew/brew#donations
==> Auto-updated Homebrew!
Updated 2 taps (homebrew/core and homebrew/cask).
==> New Formulae
at-spi2-atk                maturin                    soapyrtlsdr
baidupcs-go                moar                       soapysdr
bgpq4                      mongocli                   sqlbench
bosh-cli                   osinfo-db                  sqlx-cli
buildpulse-test-reporter   osinfo-db-tools            terminator
elfutils                   pillow                     tmuxp
fcp                        plow                       wasmtime
himalaya                   px                         waypoint
jello                      pyflow                     wxmac@3.0
libmobi                    rpg-cli
lima                       slides
==> Updated Formulae
Updated 972 formulae.
==> Renamed Formulae
grakn -> typedb
==> New Casks
adobe-dng-converter                      librewolf
affinity-photo                           lightwright
asana                                    macstroke
bit-fiddle                               p4
burp-suite-professional                  polkadot-js
castr                                    prisma-studio
classroom-mode-for-minecraft             radar
devkinsta                                sparrow
ears                                     sqlight
flomo                                    suuntodm5
goneovim                                 unexpectedly
hyperkey                                 universal-battle
keyboardholder                           usbimager
kubenav                                  wolfram-player
lagrange                                 yippy
landrop
==> Updated Casks
Updated 639 casks.
==> Deleted Casks
adware-removal-tool        gitbox                     todos
beoplay-software-update    mapillary-uploader         touch-bar-pong
crypt                      monitorearth
foreman                    shoes

==> Downloading https://ghcr.io/v2/homebrew/core/gdbm/manifests/1.20
######################################################################## 100.0%
==> Downloading https://ghcr.io/v2/homebrew/core/gdbm/blobs/sha256:ea88ce09e9344
==> Downloading from https://pkg-containers.githubusercontent.com/ghcr1/blobs/sh
######################################################################## 100.0%
==> Downloading https://ghcr.io/v2/homebrew/core/sqlite/manifests/3.36.0
######################################################################## 100.0%
==> Downloading https://ghcr.io/v2/homebrew/core/sqlite/blobs/sha256:2c9c5f05c16
==> Downloading from https://pkg-containers.githubusercontent.com/ghcr1/blobs/sh
######################################################################## 100.0%
==> Downloading https://ghcr.io/v2/homebrew/core/tcl-tk/manifests/8.6.11_1
######################################################################## 100.0%
==> Downloading https://ghcr.io/v2/homebrew/core/tcl-tk/blobs/sha256:d9ffd39a32e
==> Downloading from https://pkg-containers.githubusercontent.com/ghcr1/blobs/sh
######################################################################## 100.0%
==> Downloading https://ghcr.io/v2/homebrew/core/pypy/manifests/7.3.4
######################################################################## 100.0%
==> Downloading https://ghcr.io/v2/homebrew/core/pypy/blobs/sha256:c92e910215c9d
==> Downloading from https://pkg-containers.githubusercontent.com/ghcr1/blobs/sh
######################################################################## 100.0%
==> Installing dependencies for pypy: gdbm, sqlite and tcl-tk
==> Installing pypy dependency: gdbm
==> Pouring gdbm--1.20.big_sur.bottle.tar.gz
ðŸº  /usr/local/Cellar/gdbm/1.20: 24 files, 825.0KB
==> Installing pypy dependency: sqlite
==> Pouring sqlite--3.36.0.big_sur.bottle.tar.gz
ðŸº  /usr/local/Cellar/sqlite/3.36.0: 11 files, 4.2MB
==> Installing pypy dependency: tcl-tk
==> Pouring tcl-tk--8.6.11_1.big_sur.bottle.tar.gz
ðŸº  /usr/local/Cellar/tcl-tk/8.6.11_1: 3,041 files, 51.6MB
==> Installing pypy
==> Pouring pypy--7.3.4.big_sur.bottle.tar.gz
==> Downloading https://files.pythonhosted.org/packages/b2/40/4e00501c204b457f10
######################################################################## 100.0%
==> /usr/local/Cellar/pypy/7.3.4/bin/pypy -s setup.py --no-user-cfg install --fo
==> Downloading https://files.pythonhosted.org/packages/53/7f/55721ad0501a9076db
######################################################################## 100.0%
==> /usr/local/Cellar/pypy/7.3.4/bin/pypy -s setup.py --no-user-cfg install --fo
==> Caveats
A "distutils.cfg" has been written to:
  /usr/local/opt/pypy/libexec/lib-python/2.7/distutils
specifying the install-scripts folder as:
  /usr/local/share/pypy

If you install Python packages via "pypy setup.py install", easy_install_pypy,
or pip_pypy, any provided scripts will go into the install-scripts folder
above, so you may want to add it to your PATH *after* /usr/local/bin
so you don't overwrite tools from CPython.

Setuptools and pip have been installed, so you can use easy_install_pypy and
pip_pypy.
To update setuptools and pip between pypy releases, run:
    pip_pypy install --upgrade pip setuptools

See: https://docs.brew.sh/Homebrew-and-Python
==> Summary
ðŸº  /usr/local/Cellar/pypy/7.3.4: 3,071 files, 87.9MB
==> Caveats
==> pypy
A "distutils.cfg" has been written to:
  /usr/local/opt/pypy/libexec/lib-python/2.7/distutils
specifying the install-scripts folder as:
  /usr/local/share/pypy

If you install Python packages via "pypy setup.py install", easy_install_pypy,
or pip_pypy, any provided scripts will go into the install-scripts folder
above, so you may want to add it to your PATH *after* /usr/local/bin
so you don't overwrite tools from CPython.

Setuptools and pip have been installed, so you can use easy_install_pypy and
pip_pypy.
To update setuptools and pip between pypy releases, run:
    pip_pypy install --upgrade pip setuptools

See: https://docs.brew.sh/Homebrew-and-Python
Hoangs-MBP:~ hoangduytran$