hoangduytran@Hoangs-MBP blender_docs % brew install subversion
Updating Homebrew...
==> Auto-updated Homebrew!
Updated 1 tap (homebrew/core).
==> New Formulae
gtk+4                                                                  khiva
==> Updated Formulae
Updated 14 formulae.

==> Downloading https://homebrew.bintray.com/bottles/apr-1.7.0.catalina.bottle.tar.gz
==> Downloading from https://d29vzk4ow07wi7.cloudfront.net/277c42fcf2f5ca298a14279d1325f58da89ee4ec2132b3ccca9bf8dfdc354c48?response-content
######################################################################## 100.0%
==> Downloading https://homebrew.bintray.com/bottles/apr-util-1.6.1_3.catalina.bottle.tar.gz
==> Downloading from https://d29vzk4ow07wi7.cloudfront.net/425955a21c3fec8e78f365cd7fc4c6c4ec95d074f720a9b24e8237af90cc4dcc?response-content
######################################################################## 100.0%
==> Downloading https://homebrew.bintray.com/bottles/gettext-0.21.catalina.bottle.tar.gz
==> Downloading from https://d29vzk4ow07wi7.cloudfront.net/cdea54f52b7c36ebcb5fe26a1cf736d7cd6fd5f2fd016dd8357a8624ffd6b5f8?response-content
######################################################################## 100.0%
==> Downloading https://homebrew.bintray.com/bottles/lz4-1.9.3.catalina.bottle.tar.gz
==> Downloading from https://d29vzk4ow07wi7.cloudfront.net/899aeb12833a982e06013a60aa9b1ee69e3f77f969a5aa2dcec02ad329f369bb?response-content
######################################################################## 100.0%
==> Downloading https://homebrew.bintray.com/bottles/perl-5.32.0.catalina.bottle.tar.gz
==> Downloading from https://d29vzk4ow07wi7.cloudfront.net/bc6c97521b6edf723c8ee0742aebb1954b5c8fec81bf2d96861c3f8bcc4e404d?response-content
######################################################################## 100.0%
==> Downloading https://homebrew.bintray.com/bottles/sqlite-3.34.0.catalina.bottle.tar.gz
==> Downloading from https://d29vzk4ow07wi7.cloudfront.net/7e04c1fcd0294ec7625e43eea05714d8bb4d15d24675c99484f1403fdcb438ec?response-content
######################################################################## 100.0%
==> Downloading https://homebrew.bintray.com/bottles/utf8proc-2.6.1.catalina.bottle.tar.gz
######################################################################## 100.0%
==> Downloading https://homebrew.bintray.com/bottles/subversion-1.14.0_6.catalina.bottle.tar.gz
==> Downloading from https://d29vzk4ow07wi7.cloudfront.net/a077210ae884ac59170e51a4ff0566f9576f0a42f772effd4860b92e7ff5150e?response-content
######################################################################## 100.0%
==> Installing dependencies for subversion: apr, apr-util, gettext, lz4, perl, sqlite and utf8proc
==> Installing subversion dependency: apr
==> Pouring apr-1.7.0.catalina.bottle.tar.gz
==> Caveats
apr is keg-only, which means it was not symlinked into /usr/local,
because Apple's CLT provides apr.

If you need to have apr first in your PATH run:
  echo 'export PATH="/usr/local/opt/apr/bin:$PATH"' >> ~/.zshrc

==> Summary
ðŸº  /usr/local/Cellar/apr/1.7.0: 59 files, 1.4MB
==> Installing subversion dependency: apr-util
==> Pouring apr-util-1.6.1_3.catalina.bottle.tar.gz
==> Caveats
apr-util is keg-only, which means it was not symlinked into /usr/local,
because Apple's CLT provides apr (but not apr-util).

If you need to have apr-util first in your PATH run:
  echo 'export PATH="/usr/local/opt/apr-util/bin:$PATH"' >> ~/.zshrc

==> Summary
ðŸº  /usr/local/Cellar/apr-util/1.6.1_3: 54 files, 785.8KB
==> Installing subversion dependency: gettext
==> Pouring gettext-0.21.catalina.bottle.tar.gz
Error: An unexpected error occurred during the `brew link` step
The formula built, but is not symlinked into /usr/local
Directory not empty @ dir_s_rmdir - /usr/local/opt/gettext
Error: Directory not empty @ dir_s_rmdir - /usr/local/opt/gettext
hoangduytran@Hoangs-MBP blender_docs % brew install subversion
==> Downloading https://homebrew.bintray.com/bottles/lz4-1.9.3.catalina.bottle.tar.gz
Already downloaded: /Users/hoangduytran/Library/Caches/Homebrew/downloads/455bde380ec5ae2d3a2758afe3083a6a9ccb287806f4667adb5b3bb75b3bf61e--lz4-1.9.3.catalina.bottle.tar.gz
==> Downloading https://homebrew.bintray.com/bottles/perl-5.32.0.catalina.bottle.tar.gz
Already downloaded: /Users/hoangduytran/Library/Caches/Homebrew/downloads/566376e4fb4451bd949770ba28af7df14c92f0e7696f1a488a9cb8e182531c76--perl-5.32.0.catalina.bottle.tar.gz
==> Downloading https://homebrew.bintray.com/bottles/sqlite-3.34.0.catalina.bottle.tar.gz
Already downloaded: /Users/hoangduytran/Library/Caches/Homebrew/downloads/ce2de1f4d79554f0fb7427684fcfffa4eca1b76f1c1cce59f54bdb29b40101b2--sqlite-3.34.0.catalina.bottle.tar.gz
==> Downloading https://homebrew.bintray.com/bottles/utf8proc-2.6.1.catalina.bottle.tar.gz
Already downloaded: /Users/hoangduytran/Library/Caches/Homebrew/downloads/77518fe515b10a66a4a699f5b411b254aeccf1723d81ca640215aa22bfd3ab94--utf8proc-2.6.1.catalina.bottle.tar.gz
==> Downloading https://homebrew.bintray.com/bottles/subversion-1.14.0_6.catalina.bottle.tar.gz
Already downloaded: /Users/hoangduytran/Library/Caches/Homebrew/downloads/e56b57d85288111a0fedf1e4473bb795cebea60851eedcd5c14dbf40a3539fde--subversion-1.14.0_6.catalina.bottle.tar.gz
==> Installing dependencies for subversion: lz4, perl, sqlite and utf8proc
==> Installing subversion dependency: lz4
==> Pouring lz4-1.9.3.catalina.bottle.tar.gz
ðŸº  /usr/local/Cellar/lz4/1.9.3: 22 files, 657.6KB
==> Installing subversion dependency: perl
==> Pouring perl-5.32.0.catalina.bottle.tar.gz
==> Caveats
By default non-brewed cpan modules are installed to the Cellar. If you wish
for your modules to persist across updates we recommend using `local::lib`.

You can set that up like this:
  PERL_MM_OPT="INSTALL_BASE=$HOME/perl5" cpan local::lib
  echo 'eval "$(perl -I$HOME/perl5/lib/perl5 -Mlocal::lib=$HOME/perl5)"' >> ~/.zshrc
==> Summary
ðŸº  /usr/local/Cellar/perl/5.32.0: 2,458 files, 63.5MB
==> Installing subversion dependency: sqlite
==> Pouring sqlite-3.34.0.catalina.bottle.tar.gz
==> Caveats
sqlite is keg-only, which means it was not symlinked into /usr/local,
because macOS already provides this software and installing another version in
parallel can cause all kinds of trouble.

If you need to have sqlite first in your PATH run:
  echo 'export PATH="/usr/local/opt/sqlite/bin:$PATH"' >> ~/.zshrc

For compilers to find sqlite you may need to set:
  export LDFLAGS="-L/usr/local/opt/sqlite/lib"
  export CPPFLAGS="-I/usr/local/opt/sqlite/include"

For pkg-config to find sqlite you may need to set:
  export PKG_CONFIG_PATH="/usr/local/opt/sqlite/lib/pkgconfig"

==> Summary
ðŸº  /usr/local/Cellar/sqlite/3.34.0: 11 files, 4.1MB
==> Installing subversion dependency: utf8proc
==> Pouring utf8proc-2.6.1.catalina.bottle.tar.gz
ðŸº  /usr/local/Cellar/utf8proc/2.6.1: 10 files, 752KB
==> Installing subversion
==> Pouring subversion-1.14.0_6.catalina.bottle.tar.gz
==> Caveats
svntools have been installed to:
  /usr/local/opt/subversion/libexec

The perl bindings are located in various subdirectories of:
  /usr/local/opt/subversion/lib/perl5

You may need to link the Java bindings into the Java Extensions folder:
  sudo mkdir -p /Library/Java/Extensions
  sudo ln -s /usr/local/lib/libsvnjavahl-1.dylib /Library/Java/Extensions/libsvnjavahl-1.dylib
==> Summary
ðŸº  /usr/local/Cellar/subversion/1.14.0_6: 234 files, 32.1MB
==> No outdated dependents to upgrade!
==> Checking for dependents of upgraded formulae...
==> Reinstalling 1 broken dependent from source:
subversion
==> Caveats
==> perl
By default non-brewed cpan modules are installed to the Cellar. If you wish
for your modules to persist across updates we recommend using `local::lib`.

You can set that up like this:
  PERL_MM_OPT="INSTALL_BASE=$HOME/perl5" cpan local::lib
  echo 'eval "$(perl -I$HOME/perl5/lib/perl5 -Mlocal::lib=$HOME/perl5)"' >> ~/.zshrc
==> sqlite
sqlite is keg-only, which means it was not symlinked into /usr/local,
because macOS already provides this software and installing another version in
parallel can cause all kinds of trouble.

If you need to have sqlite first in your PATH run:
  echo 'export PATH="/usr/local/opt/sqlite/bin:$PATH"' >> ~/.zshrc

For compilers to find sqlite you may need to set:
  export LDFLAGS="-L/usr/local/opt/sqlite/lib"
  export CPPFLAGS="-I/usr/local/opt/sqlite/include"

For pkg-config to find sqlite you may need to set:
  export PKG_CONFIG_PATH="/usr/local/opt/sqlite/lib/pkgconfig"

==> subversion
svntools have been installed to:
  /usr/local/opt/subversion/libexec

The perl bindings are located in various subdirectories of:
  /usr/local/opt/subversion/lib/perl5

You may need to link the Java bindings into the Java Extensions folder:
  sudo mkdir -p /Library/Java/Extensions
  sudo ln -s /usr/local/lib/libsvnjavahl-1.dylib /Library/Java/Extensions/libsvnjavahl-1.dylib