hoangduytran@Hoangs-MBP potranslate % gpg --full-generate-key
zsh: command not found: gpg
hoangduytran@Hoangs-MBP potranslate % brew install gpg
Updating Homebrew...
==> Auto-updated Homebrew!
Updated 1 tap (homebrew/core).
==> New Formulae
cargo-audit        counterfeiter      efm-langserver     libpinyin          massdns            openalpr           rttr               sqlc
cargo-watch        dnsx               h2spec             libva              mockery            pkger              ruby@2.7           xcb-util-cursor
==> Updated Formulae
Updated 3628 formulae.
==> Deleted Formulae
gobby                                                                          godep

==> Downloading https://homebrew.bintray.com/bottles/adns-1.6.0.catalina.bottle.tar.gz
==> Downloading from https://d29vzk4ow07wi7.cloudfront.net/d9cc50eec8ac243148a121049c236cba06af4a0b1156ab397d0a2850aa79c137?response-content-disposition=atta
######################################################################## 100.0%
==> Downloading https://homebrew.bintray.com/bottles/gmp-6.2.1.catalina.bottle.tar.gz
==> Downloading from https://d29vzk4ow07wi7.cloudfront.net/35e9f82d80708ae8dea2d6b0646dcd86d692321b96effaa76b7fad4d6cffa5be?response-content-disposition=atta
######################################################################## 100.0%
==> Downloading https://homebrew.bintray.com/bottles/bdw-gc-8.0.4_1.catalina.bottle.1.tar.gz
==> Downloading from https://d29vzk4ow07wi7.cloudfront.net/31634ad61ce92329e34154feb1ad14e4786592555ef9a14259a09ea0648d5af7?response-content-disposition=atta
######################################################################## 100.0%
==> Downloading https://homebrew.bintray.com/bottles/libffi-3.3.catalina.bottle.tar.gz
######################################################################## 100.0%
==> Downloading https://homebrew.bintray.com/bottles/libtool-2.4.6_2.catalina.bottle.tar.gz
==> Downloading from https://d29vzk4ow07wi7.cloudfront.net/af317b35d0a394b7ef55fba4950735b0392d9f31bececebf9c412261c23a01fc?response-content-disposition=atta
######################################################################## 100.0%
==> Downloading https://homebrew.bintray.com/bottles/libunistring-0.9.10.catalina.bottle.tar.gz
==> Downloading from https://d29vzk4ow07wi7.cloudfront.net/ce746662b98d93511b86920011b5cafcd2eecbce4c9c40d8c52a143cdf708456?response-content-disposition=atta
######################################################################## 100.0%
==> Downloading https://homebrew.bintray.com/bottles/guile-3.0.4.catalina.bottle.2.tar.gz
==> Downloading from https://d29vzk4ow07wi7.cloudfront.net/677c227a6a9b67df6592ffc26478ce5daa10f84eec4ed2ec7818f2012bb582f7?response-content-disposition=atta
######################################################################## 100.0%
==> Downloading https://homebrew.bintray.com/bottles/libidn2-2.3.0.catalina.bottle.tar.gz
==> Downloading from https://d29vzk4ow07wi7.cloudfront.net/0908585cca518a83f101b2edc0417a26a4b4fc8b76e393c6f6672de6e595c914?response-content-disposition=atta
######################################################################## 100.0%
==> Downloading https://homebrew.bintray.com/bottles/libtasn1-4.16.0.catalina.bottle.tar.gz
######################################################################## 100.0%
==> Downloading https://homebrew.bintray.com/bottles/nettle-3.6.catalina.bottle.tar.gz
==> Downloading from https://d29vzk4ow07wi7.cloudfront.net/7ac7677ba653dbef81dd83ed8cde3dfcb7b464d04442886c396179932f4f9faa?response-content-disposition=atta
######################################################################## 100.0%
==> Downloading https://homebrew.bintray.com/bottles/p11-kit-0.23.22.catalina.bottle.tar.gz
==> Downloading from https://d29vzk4ow07wi7.cloudfront.net/d02045826811eeb8475b535be7331c0770fdc930d1ac1be86796af81141e8592?response-content-disposition=atta
######################################################################## 100.0%
==> Downloading https://homebrew.bintray.com/bottles/libevent-2.1.12.catalina.bottle.tar.gz
==> Downloading from https://d29vzk4ow07wi7.cloudfront.net/b5f5e7607d76b9b41ecac6df72ab5797079a9367055bb305514917595e63a323?response-content-disposition=atta
######################################################################## 100.0%
==> Downloading https://homebrew.bintray.com/bottles/c-ares-1.17.1.catalina.bottle.tar.gz
######################################################################## 100.0%
==> Downloading https://homebrew.bintray.com/bottles/jemalloc-5.2.1_1.catalina.bottle.tar.gz
==> Downloading from https://d29vzk4ow07wi7.cloudfront.net/b1b211e5bead798c236d478dd74310a97a7b59470f607b608c07222648b08bf5?response-content-disposition=atta
######################################################################## 100.0%
==> Downloading https://homebrew.bintray.com/bottles/libev-4.33.catalina.bottle.tar.gz
######################################################################## 100.0%
==> Downloading https://homebrew.bintray.com/bottles/nghttp2-1.42.0_1.catalina.bottle.tar.gz
==> Downloading from https://d29vzk4ow07wi7.cloudfront.net/ddc63177feae52a5d07ec0f5793a8dcb5a344f0bdd4f4ba0633dacfd8249b0be?response-content-disposition=atta
######################################################################## 100.0%
==> Downloading https://homebrew.bintray.com/bottles/unbound-1.13.0.catalina.bottle.tar.gz
==> Downloading from https://d29vzk4ow07wi7.cloudfront.net/132e7387adde0939a0f50d125ef5b6bdfa0186bae6dd9628668e9813813f4a9a?response-content-disposition=atta
######################################################################## 100.0%
==> Downloading https://homebrew.bintray.com/bottles/gnutls-3.6.15.catalina.bottle.tar.gz
==> Downloading from https://d29vzk4ow07wi7.cloudfront.net/513407ec28ac63623dbc05ac6880d59cf7c082827687dfda7d0f065232151878?response-content-disposition=atta
######################################################################## 100.0%
==> Downloading https://homebrew.bintray.com/bottles/libgpg-error-1.41.catalina.bottle.tar.gz
==> Downloading from https://d29vzk4ow07wi7.cloudfront.net/33969246a46d4cb42c2401c64038cc48601e5fcd41ae21c14d9775c4955fd825?response-content-disposition=atta
######################################################################## 100.0%
==> Downloading https://homebrew.bintray.com/bottles/libassuan-2.5.4.catalina.bottle.tar.gz
######################################################################## 100.0%
==> Downloading https://homebrew.bintray.com/bottles/libgcrypt-1.8.7_1.catalina.bottle.tar.gz
==> Downloading from https://d29vzk4ow07wi7.cloudfront.net/899287732003176706501ba11ab37d616523a974acf0c75b6229e3f6157d2fd0?response-content-disposition=atta
######################################################################## 100.0%
==> Downloading https://homebrew.bintray.com/bottles/libksba-1.5.0.catalina.bottle.tar.gz
######################################################################## 100.0%
==> Downloading https://homebrew.bintray.com/bottles/libusb-1.0.24.catalina.bottle.tar.gz
######################################################################## 100.0%
==> Downloading https://homebrew.bintray.com/bottles/npth-1.6.catalina.bottle.tar.gz
######################################################################## 100.0%
==> Downloading https://homebrew.bintray.com/bottles/pinentry-1.1.0_1.catalina.bottle.tar.gz
######################################################################## 100.0%
==> Downloading https://homebrew.bintray.com/bottles/gnupg-2.2.26.catalina.bottle.tar.gz
==> Downloading from https://d29vzk4ow07wi7.cloudfront.net/ad7bcb8940279a9edaf7561a1244b7bcd346c0a800a8db6e3b53cf239a98e98d?response-content-disposition=atta
######################################################################## 100.0%
==> Installing dependencies for gnupg: adns, gmp, bdw-gc, libffi, libtool, libunistring, guile, libidn2, libtasn1, nettle, p11-kit, libevent, c-ares, jemalloc, libev, nghttp2, unbound, gnutls, libgpg-error, libassuan, libgcrypt, libksba, libusb, npth and pinentry
==> Installing gnupg dependency: adns
==> Pouring adns-1.6.0.catalina.bottle.tar.gz
ðŸº  /usr/local/Cellar/adns/1.6.0: 14 files, 668.7KB
==> Installing gnupg dependency: gmp
==> Pouring gmp-6.2.1.catalina.bottle.tar.gz
ðŸº  /usr/local/Cellar/gmp/6.2.1: 21 files, 3.3MB
==> Installing gnupg dependency: bdw-gc
==> Pouring bdw-gc-8.0.4_1.catalina.bottle.1.tar.gz
ðŸº  /usr/local/Cellar/bdw-gc/8.0.4_1: 69 files, 1.6MB
==> Installing gnupg dependency: libffi
==> Pouring libffi-3.3.catalina.bottle.tar.gz
==> Caveats
libffi is keg-only, which means it was not symlinked into /usr/local,
because macOS already provides this software and installing another version in
parallel can cause all kinds of trouble.

For compilers to find libffi you may need to set:
  export LDFLAGS="-L/usr/local/opt/libffi/lib"
  export CPPFLAGS="-I/usr/local/opt/libffi/include"

For pkg-config to find libffi you may need to set:
  export PKG_CONFIG_PATH="/usr/local/opt/libffi/lib/pkgconfig"

==> Summary
ðŸº  /usr/local/Cellar/libffi/3.3: 16 files, 489.4KB
==> Installing gnupg dependency: libtool
==> Pouring libtool-2.4.6_2.catalina.bottle.tar.gz
==> Caveats
In order to prevent conflicts with Apple's own libtool we have prepended a "g"
so, you have instead: glibtool and glibtoolize.
==> Summary
ðŸº  /usr/local/Cellar/libtool/2.4.6_2: 71 files, 3.7MB
==> Installing gnupg dependency: libunistring
==> Pouring libunistring-0.9.10.catalina.bottle.tar.gz
ðŸº  /usr/local/Cellar/libunistring/0.9.10: 54 files, 4.4MB
==> Installing gnupg dependency: guile
==> Pouring guile-3.0.4.catalina.bottle.2.tar.gz
==> Caveats
Guile libraries can now be installed here:
    Source files: /usr/local/share/guile/site/3.0
  Compiled files: /usr/local/lib/guile/3.0/site-ccache
      Extensions: /usr/local/lib/guile/3.0/extensions

Add the following to your .bashrc or equivalent:
  export GUILE_LOAD_PATH="/usr/local/share/guile/site/3.0"
  export GUILE_LOAD_COMPILED_PATH="/usr/local/lib/guile/3.0/site-ccache"
  export GUILE_SYSTEM_EXTENSIONS_PATH="/usr/local/lib/guile/3.0/extensions"
==> Summary
ðŸº  /usr/local/Cellar/guile/3.0.4: 831 files, 56.6MB
==> Installing gnupg dependency: libidn2
==> Pouring libidn2-2.3.0.catalina.bottle.tar.gz
ðŸº  /usr/local/Cellar/libidn2/2.3.0: 70 files, 727.8KB
==> Installing gnupg dependency: libtasn1
==> Pouring libtasn1-4.16.0.catalina.bottle.tar.gz
ðŸº  /usr/local/Cellar/libtasn1/4.16.0: 60 files, 404.5KB
==> Installing gnupg dependency: nettle
==> Pouring nettle-3.6.catalina.bottle.tar.gz
ðŸº  /usr/local/Cellar/nettle/3.6: 87 files, 2.4MB
==> Installing gnupg dependency: p11-kit
==> Pouring p11-kit-0.23.22.catalina.bottle.tar.gz
ðŸº  /usr/local/Cellar/p11-kit/0.23.22: 63 files, 3MB
==> Installing gnupg dependency: libevent
==> Pouring libevent-2.1.12.catalina.bottle.tar.gz
ðŸº  /usr/local/Cellar/libevent/2.1.12: 57 files, 1.9MB
==> Installing gnupg dependency: c-ares
==> Pouring c-ares-1.17.1.catalina.bottle.tar.gz
ðŸº  /usr/local/Cellar/c-ares/1.17.1: 85 files, 672.3KB
==> Installing gnupg dependency: jemalloc
==> Pouring jemalloc-5.2.1_1.catalina.bottle.tar.gz
ðŸº  /usr/local/Cellar/jemalloc/5.2.1_1: 16 files, 2MB
==> Installing gnupg dependency: libev
==> Pouring libev-4.33.catalina.bottle.tar.gz
ðŸº  /usr/local/Cellar/libev/4.33: 12 files, 454.7KB
==> Installing gnupg dependency: nghttp2
==> Pouring nghttp2-1.42.0_1.catalina.bottle.tar.gz
ðŸº  /usr/local/Cellar/nghttp2/1.42.0_1: 24 files, 2.8MB
==> Installing gnupg dependency: unbound
==> Pouring unbound-1.13.0.catalina.bottle.tar.gz
==> Caveats
To have launchd start unbound now and restart at startup:
  sudo brew services start unbound
==> Summary
ðŸº  /usr/local/Cellar/unbound/1.13.0: 57 files, 5.5MB
==> Installing gnupg dependency: gnutls
==> Pouring gnutls-3.6.15.catalina.bottle.tar.gz
==> Caveats
If you are going to use the Guile bindings you will need to add the following
to your .bashrc or equivalent in order for Guile to find the TLS certificates
database:
  export GUILE_TLS_CERTIFICATE_DIRECTORY=/usr/local/etc/gnutls/
==> Summary
ðŸº  /usr/local/Cellar/gnutls/3.6.15: 1,250 files, 10.8MB
==> Installing gnupg dependency: libgpg-error
==> Pouring libgpg-error-1.41.catalina.bottle.tar.gz
ðŸº  /usr/local/Cellar/libgpg-error/1.41: 27 files, 1MB
==> Installing gnupg dependency: libassuan
==> Pouring libassuan-2.5.4.catalina.bottle.tar.gz
ðŸº  /usr/local/Cellar/libassuan/2.5.4: 17 files, 500.7KB
==> Installing gnupg dependency: libgcrypt
==> Pouring libgcrypt-1.8.7_1.catalina.bottle.tar.gz
ðŸº  /usr/local/Cellar/libgcrypt/1.8.7_1: 23 files, 2.8MB
==> Installing gnupg dependency: libksba
==> Pouring libksba-1.5.0.catalina.bottle.tar.gz
ðŸº  /usr/local/Cellar/libksba/1.5.0: 18 files, 484.6KB
==> Installing gnupg dependency: libusb
==> Pouring libusb-1.0.24.catalina.bottle.tar.gz
ðŸº  /usr/local/Cellar/libusb/1.0.24: 22 files, 516.5KB
==> Installing gnupg dependency: npth
==> Pouring npth-1.6.catalina.bottle.tar.gz
ðŸº  /usr/local/Cellar/npth/1.6: 11 files, 75.7KB
==> Installing gnupg dependency: pinentry
==> Pouring pinentry-1.1.0_1.catalina.bottle.tar.gz
ðŸº  /usr/local/Cellar/pinentry/1.1.0_1: 12 files, 272.6KB
==> Installing gnupg
==> Pouring gnupg-2.2.26.catalina.bottle.tar.gz
ðŸº  /usr/local/Cellar/gnupg/2.2.26: 140 files, 11.9MB
==> No outdated dependents to upgrade!
==> Checking for dependents of upgraded formulae...
==> Reinstalling 3 broken dependents from source:
libidn2, gnutls, gnupg
==> Caveats
==> libffi
libffi is keg-only, which means it was not symlinked into /usr/local,
because macOS already provides this software and installing another version in
parallel can cause all kinds of trouble.

For compilers to find libffi you may need to set:
  export LDFLAGS="-L/usr/local/opt/libffi/lib"
  export CPPFLAGS="-I/usr/local/opt/libffi/include"

For pkg-config to find libffi you may need to set:
  export PKG_CONFIG_PATH="/usr/local/opt/libffi/lib/pkgconfig"

==> libtool
In order to prevent conflicts with Apple's own libtool we have prepended a "g"
so, you have instead: glibtool and glibtoolize.
==> guile
Guile libraries can now be installed here:
    Source files: /usr/local/share/guile/site/3.0
  Compiled files: /usr/local/lib/guile/3.0/site-ccache
      Extensions: /usr/local/lib/guile/3.0/extensions

Add the following to your .bashrc or equivalent:
  export GUILE_LOAD_PATH="/usr/local/share/guile/site/3.0"
  export GUILE_LOAD_COMPILED_PATH="/usr/local/lib/guile/3.0/site-ccache"
  export GUILE_SYSTEM_EXTENSIONS_PATH="/usr/local/lib/guile/3.0/extensions"
==> unbound
To have launchd start unbound now and restart at startup:
  sudo brew services start unbound
==> gnutls
If you are going to use the Guile bindings you will need to add the following
to your .bashrc or equivalent in order for Guile to find the TLS certificates
database:
  export GUILE_TLS_CERTIFICATE_DIRECTORY=/usr/local/etc/gnutls/