hoangduytran@Hoangs-MBP bin % brew install pyenv
Updating Homebrew...
==> Auto-updated Homebrew!
Updated 2 taps (homebrew/cask and caskroom/cask).
==> Updated Casks
cmake                                                                                  cmake

==> Downloading https://homebrew.bintray.com/bottles/autoconf-2.69.catalina.bottle.4.tar.gz
==> Downloading from https://d29vzk4ow07wi7.cloudfront.net/ca510b350e941fb9395522a03f9d2fb5df276085d806ceead763acb95889a368?response-content-disposition=attachment%3Bfilena
######################################################################## 100.0%
==> Downloading https://homebrew.bintray.com/bottles/openssl%401.1-1.1.1i.catalina.bottle.tar.gz
==> Downloading from https://d29vzk4ow07wi7.cloudfront.net/066b9f114617872e77fa3d4afee2337daabc2c181d7564fe60a5b26d89d69742?response-content-disposition=attachment%3Bfilena
######################################################################## 100.0%
==> Downloading https://homebrew.bintray.com/bottles/readline-8.1.catalina.bottle.tar.gz
==> Downloading from https://d29vzk4ow07wi7.cloudfront.net/fe4de019cf549376a7743dcb0c86db8a08ca2b6d0dd2f8cb796dd7cf973dc2e9?response-content-disposition=attachment%3Bfilena
######################################################################## 100.0%
==> Downloading https://homebrew.bintray.com/bottles/pyenv-1.2.21.catalina.bottle.tar.gz
==> Downloading from https://d29vzk4ow07wi7.cloudfront.net/2f4c78fd8cce10de8e9fb48a43c7cd51003e7a87c3cba9e4c3942d72f331df58?response-content-disposition=attachment%3Bfilena
######################################################################## 100.0%
==> Installing dependencies for pyenv: autoconf, openssl@1.1 and readline
==> Installing pyenv dependency: autoconf
==> Pouring autoconf-2.69.catalina.bottle.4.tar.gz
ðŸº  /usr/local/Cellar/autoconf/2.69: 67 files, 3.0MB
==> Installing pyenv dependency: openssl@1.1
==> Pouring openssl@1.1-1.1.1i.catalina.bottle.tar.gz
==> Caveats
A CA file has been bootstrapped using certificates from the system
keychain. To add additional certificates, place .pem files in
  /usr/local/etc/openssl@1.1/certs

and run
  /usr/local/opt/openssl@1.1/bin/c_rehash

openssl@1.1 is keg-only, which means it was not symlinked into /usr/local,
because macOS provides LibreSSL.

If you need to have openssl@1.1 first in your PATH run:
  echo 'export PATH="/usr/local/opt/openssl@1.1/bin:$PATH"' >> ~/.zshrc

For compilers to find openssl@1.1 you may need to set:
  export LDFLAGS="-L/usr/local/opt/openssl@1.1/lib"
  export CPPFLAGS="-I/usr/local/opt/openssl@1.1/include"

For pkg-config to find openssl@1.1 you may need to set:
  export PKG_CONFIG_PATH="/usr/local/opt/openssl@1.1/lib/pkgconfig"

==> Summary
ðŸº  /usr/local/Cellar/openssl@1.1/1.1.1i: 8,067 files, 18.5MB
==> Installing pyenv dependency: readline
==> Pouring readline-8.1.catalina.bottle.tar.gz
==> Caveats
readline is keg-only, which means it was not symlinked into /usr/local,
because macOS provides BSD libedit.

For compilers to find readline you may need to set:
  export LDFLAGS="-L/usr/local/opt/readline/lib"
  export CPPFLAGS="-I/usr/local/opt/readline/include"

For pkg-config to find readline you may need to set:
  export PKG_CONFIG_PATH="/usr/local/opt/readline/lib/pkgconfig"

==> Summary
ðŸº  /usr/local/Cellar/readline/8.1: 48 files, 1.6MB
==> Installing pyenv
==> Pouring pyenv-1.2.21.catalina.bottle.tar.gz
ðŸº  /usr/local/Cellar/pyenv/1.2.21: 716 files, 2.6MB
==> `brew cleanup` has not been run in 30 days, running now...
Removing: /Users/hoangduytran/Library/Caches/Homebrew/aspell--0.60.8.catalina.bottle.tar.gz... (115.6MB)
Removing: /Users/hoangduytran/Library/Caches/Homebrew/enchant--2.2.11.catalina.bottle.tar.gz... (88.9KB)
Removing: /Users/hoangduytran/Library/Caches/Homebrew/ffmpeg--4.3.1_1.catalina.bottle.1.tar.gz... (20.7MB)
Removing: /Users/hoangduytran/Library/Caches/Homebrew/glib--2.66.2_1.catalina.bottle.tar.gz... (4.5MB)
Removing: /Users/hoangduytran/Library/Caches/Homebrew/libsndfile--1.0.30.catalina.bottle.1.tar.gz... (532.9KB)
Removing: /usr/local/Cellar/openssl@1.1/1.1.1g... (8,059 files, 18MB)
Removing: /Users/hoangduytran/Library/Caches/Homebrew/openssl@1.1--1.1.1h.catalina.bottle.tar.gz... (5.4MB)
Removing: /Users/hoangduytran/Library/Caches/Homebrew/p11-kit--0.23.21.catalina.bottle.tar.gz... (709.2KB)
Removing: /Users/hoangduytran/Library/Caches/Homebrew/python@3.8--3.8.5.catalina.bottle.tar.gz... (16.6MB)
Removing: /Users/hoangduytran/Library/Caches/Homebrew/qt--5.15.1.catalina.bottle.tar.gz... (131.8MB)
Removing: /usr/local/Cellar/readline/8.0.4... (48 files, 1.5MB)
Removing: /Users/hoangduytran/Library/Caches/Homebrew/sqlite--3.33.0.catalina.bottle.tar.gz... (1.9MB)
Removing: /Users/hoangduytran/Library/Caches/Homebrew/srt--1.4.2.catalina.bottle.tar.gz... (1.6MB)
Removing: /Users/hoangduytran/Library/Caches/Homebrew/unbound--1.12.0.catalina.bottle.tar.gz... (2.6MB)
Removing: /Users/hoangduytran/Library/Caches/Homebrew/xpdf--4.02.catalina.bottle.tar.gz... (5.4MB)
Removing: /Users/hoangduytran/Library/Caches/Homebrew/python@3.9--3.9.0.catalina.bottle.1.tar.gz... (18.0MB)
Removing: /Users/hoangduytran/Library/Caches/Homebrew/guile--3.0.4.catalina.bottle.1.tar.gz... (11.5MB)
Removing: /Users/hoangduytran/Library/Logs/Homebrew/qt... (64B)
Removing: /Users/hoangduytran/Library/Logs/Homebrew/xpdf... (64B)
Removing: /Users/hoangduytran/Library/Logs/Homebrew/enchant... (64B)
Removing: /Users/hoangduytran/Library/Logs/Homebrew/aspell... (64B)
Pruned 0 symbolic links and 2 directories from /usr/local
==> Upgrading 12 dependents:
enchant 2.2.11 -> 2.2.14, glib 2.64.5 -> 2.66.3, gobject-introspection 1.64.1_2 -> 1.66.1_1, python@3.8 3.8.5 -> 3.8.6_2, sqlite 3.33.0 -> 3.34.0, harfbuzz 2.7.1 -> 2.7.2, libass 0.14.0_1 -> 0.15.0, srt 1.4.1 -> 1.4.2, subversion 1.14.0_2 -> 1.14.0_6, unbound 1.10.1 -> 1.13.0, ffmpeg 4.3.1 -> 4.3.1_4, gnutls 3.6.14 -> 3.6.15
==> Upgrading sqlite 3.33.0 -> 3.34.0 
==> Downloading https://homebrew.bintray.com/bottles/sqlite-3.34.0.catalina.bottle.tar.gz
==> Downloading from https://d29vzk4ow07wi7.cloudfront.net/7e04c1fcd0294ec7625e43eea05714d8bb4d15d24675c99484f1403fdcb438ec?response-content-disposition=attachment%3Bfilena
######################################################################## 100.0%
==> Pouring sqlite-3.34.0.catalina.bottle.tar.gz
==> Caveats
sqlite is keg-only, which means it was not symlinked into /usr/local,
because macOS already provides this software and installing another version in
parallel can cause all kinds of trouble.

If you need to have sqlite first in your PATH run:
  echo 'export PATH="/usr/local/opt/sqlite/bin:$PATH"' >> ~/.zshrc

For compilers to find sqlite you may need to set:
  export LDFLAGS="-L/usr/local/opt/sqlite/lib"
  export CPPFLAGS="-I/usr/local/opt/sqlite/include"

For pkg-config to find sqlite you may need to set:
  export PKG_CONFIG_PATH="/usr/local/opt/sqlite/lib/pkgconfig"

==> Summary
ðŸº  /usr/local/Cellar/sqlite/3.34.0: 11 files, 4.1MB
Removing: /usr/local/Cellar/sqlite/3.33.0... (11 files, 4MB)
==> Upgrading python@3.8 3.8.5 -> 3.8.6_2 
==> Downloading https://homebrew.bintray.com/bottles/python%403.8-3.8.6_2.catalina.bottle.tar.gz
==> Downloading from https://d29vzk4ow07wi7.cloudfront.net/ae8b1551229ad30c414a4a5e79db45f636a52267e0cafb39c124e6732f2aa4a7?response-content-disposition=attachment%3Bfilena
######################################################################## 100.0%
==> Pouring python@3.8-3.8.6_2.catalina.bottle.tar.gz
==> /usr/local/Cellar/python@3.8/3.8.6_2/bin/python3 -s setup.py --no-user-cfg install --force --verbose --install-scripts=/usr/local/Cellar/python@3.8/3.8.6_2/bin --instal
==> /usr/local/Cellar/python@3.8/3.8.6_2/bin/python3 -s setup.py --no-user-cfg install --force --verbose --install-scripts=/usr/local/Cellar/python@3.8/3.8.6_2/bin --instal
==> /usr/local/Cellar/python@3.8/3.8.6_2/bin/python3 -s setup.py --no-user-cfg install --force --verbose --install-scripts=/usr/local/Cellar/python@3.8/3.8.6_2/bin --instal
==> Caveats
Python has been installed as
  /usr/local/opt/python@3.8/bin/python3

Unversioned symlinks `python`, `python-config`, `pip` etc. pointing to
`python3`, `python3-config`, `pip3` etc., respectively, have been installed into
  /usr/local/opt/python@3.8/libexec/bin

You can install Python packages with
  /usr/local/opt/python@3.8/bin/pip3 install <package>
They will install into the site-package directory
  /usr/local/lib/python3.8/site-packages

See: https://docs.brew.sh/Homebrew-and-Python

python@3.8 is keg-only, which means it was not symlinked into /usr/local,
because this is an alternate version of another formula.

If you need to have python@3.8 first in your PATH run:
  echo 'export PATH="/usr/local/opt/python@3.8/bin:$PATH"' >> ~/.zshrc

For compilers to find python@3.8 you may need to set:
  export LDFLAGS="-L/usr/local/opt/python@3.8/lib"

For pkg-config to find python@3.8 you may need to set:
  export PKG_CONFIG_PATH="/usr/local/opt/python@3.8/lib/pkgconfig"

==> Summary
ðŸº  /usr/local/Cellar/python@3.8/3.8.6_2: 4,329 files, 69.4MB
Removing: /usr/local/Cellar/python@3.8/3.8.5... (4,462 files, 69MB)
==> Upgrading gobject-introspection 1.64.1_2 -> 1.66.1_1 
==> Downloading https://homebrew.bintray.com/bottles/freetype-2.10.4.catalina.bottle.tar.gz
Already downloaded: /Users/hoangduytran/Library/Caches/Homebrew/downloads/67d2d408caf13a5307793f6f7546511b53672356eaa784c3a9a05909c6c60724--freetype-2.10.4.catalina.bottle.tar.gz
==> Downloading https://homebrew.bintray.com/bottles/python%403.9-3.9.1.catalina.bottle.tar.gz
==> Downloading from https://d29vzk4ow07wi7.cloudfront.net/2b9946108e230384c48fcb4fcc07febd31e3987a7b9e66ee952e2c4f153a5dee?response-content-disposition=attachment%3Bfilena
######################################################################## 100.0%
==> Downloading https://homebrew.bintray.com/bottles/glib-2.66.3.catalina.bottle.tar.gz
==> Downloading from https://d29vzk4ow07wi7.cloudfront.net/765956dc4f0852ca3827cc16bb4a30f0065fe705f136ed52c7996cea976fb67e?response-content-disposition=attachment%3Bfilena
######################################################################## 100.0%
==> Downloading https://homebrew.bintray.com/bottles/gobject-introspection-1.66.1_1.catalina.bottle.tar.gz
Already downloaded: /Users/hoangduytran/Library/Caches/Homebrew/downloads/c733aea2684cb4d6a87cefb081cc26d782cd73eba79d4ca10500cfb90be2a206--gobject-introspection-1.66.1_1.catalina.bottle.tar.gz
==> Installing dependencies for gobject-introspection: freetype, python@3.9 and glib
==> Installing gobject-introspection dependency: freetype
==> Pouring freetype-2.10.4.catalina.bottle.tar.gz
ðŸº  /usr/local/Cellar/freetype/2.10.4: 64 files, 2.3MB
==> Installing gobject-introspection dependency: python@3.9
==> Pouring python@3.9-3.9.1.catalina.bottle.tar.gz
Unlinking /usr/local/Cellar/python@3.8/3.8.6_2... 21 symlinks removed
==> /usr/local/Cellar/python@3.9/3.9.1/bin/python3 -s setup.py --no-user-cfg install --force --verbose --install-scripts=/usr/local/Cellar/python@3.9/3.9.1/bin --install-li
==> /usr/local/Cellar/python@3.9/3.9.1/bin/python3 -s setup.py --no-user-cfg install --force --verbose --install-scripts=/usr/local/Cellar/python@3.9/3.9.1/bin --install-li
==> /usr/local/Cellar/python@3.9/3.9.1/bin/python3 -s setup.py --no-user-cfg install --force --verbose --install-scripts=/usr/local/Cellar/python@3.9/3.9.1/bin --install-li
==> Caveats
Python has been installed as
  /usr/local/bin/python3

Unversioned symlinks `python`, `python-config`, `pip` etc. pointing to
`python3`, `python3-config`, `pip3` etc., respectively, have been installed into
  /usr/local/opt/python@3.9/libexec/bin

You can install Python packages with
  pip3 install <package>
They will install into the site-package directory
  /usr/local/lib/python3.9/site-packages

See: https://docs.brew.sh/Homebrew-and-Python
==> Summary
ðŸº  /usr/local/Cellar/python@3.9/3.9.1: 4,452 files, 70.9MB
==> Installing gobject-introspection dependency: glib
==> Pouring glib-2.66.3.catalina.bottle.tar.gz
ðŸº  /usr/local/Cellar/glib/2.66.3: 436 files, 15.5MB
==> Installing gobject-introspection
==> Pouring gobject-introspection-1.66.1_1.catalina.bottle.tar.gz
ðŸº  /usr/local/Cellar/gobject-introspection/1.66.1_1: 191 files, 12.7MB
Removing: /usr/local/Cellar/gobject-introspection/1.64.1_2... (189 files, 12.2MB)
==> Upgrading harfbuzz 2.7.1 -> 2.7.2 
==> Downloading https://homebrew.bintray.com/bottles/harfbuzz-2.7.2.catalina.bottle.tar.gz
Already downloaded: /Users/hoangduytran/Library/Caches/Homebrew/downloads/9d0fb3a4db3e712e0c41d8744165468c7569dcb409f72520094b3819d3b37876--harfbuzz-2.7.2.catalina.bottle.tar.gz
==> Pouring harfbuzz-2.7.2.catalina.bottle.tar.gz
ðŸº  /usr/local/Cellar/harfbuzz/2.7.2: 68 files, 6.2MB
Removing: /usr/local/Cellar/harfbuzz/2.7.1... (68 files, 6.2MB)
==> Upgrading libass 0.14.0_1 -> 0.15.0 
==> Downloading https://homebrew.bintray.com/bottles/libass-0.15.0.catalina.bottle.tar.gz
==> Downloading from https://d29vzk4ow07wi7.cloudfront.net/427b18a8c9c8c5331553c0e814bf4e4c6f965cc53715d89a0ad3ba66b8e231c4?response-content-disposition=attachment%3Bfilena
######################################################################## 100.0%
==> Pouring libass-0.15.0.catalina.bottle.tar.gz
ðŸº  /usr/local/Cellar/libass/0.15.0: 10 files, 570.3KB
Removing: /usr/local/Cellar/libass/0.14.0_1... (10 files, 522KB)
==> Upgrading srt 1.4.1 -> 1.4.2 
==> Downloading https://homebrew.bintray.com/bottles/srt-1.4.2.catalina.bottle.1.tar.gz
==> Downloading from https://d29vzk4ow07wi7.cloudfront.net/7056a06ce6405fe33266d528e6a8aa295e1a3db6780f23627494610a7f31f8fc?response-content-disposition=attachment%3Bfilena
######################################################################## 100.0%
==> Pouring srt-1.4.2.catalina.bottle.1.tar.gz
ðŸº  /usr/local/Cellar/srt/1.4.2: 20 files, 3.9MB
Removing: /usr/local/Cellar/srt/1.4.1... (20 files, 3.3MB)
==> Upgrading subversion 1.14.0_2 -> 1.14.0_6 
==> Downloading https://homebrew.bintray.com/bottles/lz4-1.9.3.catalina.bottle.tar.gz
==> Downloading from https://d29vzk4ow07wi7.cloudfront.net/899aeb12833a982e06013a60aa9b1ee69e3f77f969a5aa2dcec02ad329f369bb?response-content-disposition=attachment%3Bfilena
######################################################################## 100.0%
==> Downloading https://homebrew.bintray.com/bottles/utf8proc-2.6.1.catalina.bottle.tar.gz
######################################################################## 100.0%
==> Downloading https://homebrew.bintray.com/bottles/subversion-1.14.0_6.catalina.bottle.tar.gz
==> Downloading from https://d29vzk4ow07wi7.cloudfront.net/a077210ae884ac59170e51a4ff0566f9576f0a42f772effd4860b92e7ff5150e?response-content-disposition=attachment%3Bfilena
######################################################################## 100.0%
==> Installing dependencies for subversion: lz4 and utf8proc
==> Installing subversion dependency: lz4
==> Pouring lz4-1.9.3.catalina.bottle.tar.gz
ðŸº  /usr/local/Cellar/lz4/1.9.3: 22 files, 657.6KB
==> Installing subversion dependency: utf8proc
==> Pouring utf8proc-2.6.1.catalina.bottle.tar.gz
ðŸº  /usr/local/Cellar/utf8proc/2.6.1: 10 files, 752KB
==> Installing subversion
==> Pouring subversion-1.14.0_6.catalina.bottle.tar.gz
==> Caveats
svntools have been installed to:
  /usr/local/opt/subversion/libexec

The perl bindings are located in various subdirectories of:
  /usr/local/opt/subversion/lib/perl5

You may need to link the Java bindings into the Java Extensions folder:
  sudo mkdir -p /Library/Java/Extensions
  sudo ln -s /usr/local/lib/libsvnjavahl-1.dylib /Library/Java/Extensions/libsvnjavahl-1.dylib
==> Summary
ðŸº  /usr/local/Cellar/subversion/1.14.0_6: 234 files, 32.1MB
Removing: /usr/local/Cellar/subversion/1.14.0_2... (234 files, 30.6MB)
==> Upgrading unbound 1.10.1 -> 1.13.0 
==> Downloading https://homebrew.bintray.com/bottles/c-ares-1.17.1.catalina.bottle.tar.gz
######################################################################## 100.0%
==> Downloading https://homebrew.bintray.com/bottles/jemalloc-5.2.1_1.catalina.bottle.tar.gz
==> Downloading from https://d29vzk4ow07wi7.cloudfront.net/b1b211e5bead798c236d478dd74310a97a7b59470f607b608c07222648b08bf5?response-content-disposition=attachment%3Bfilena
######################################################################## 100.0%
==> Downloading https://homebrew.bintray.com/bottles/libev-4.33.catalina.bottle.tar.gz
######################################################################## 100.0%
==> Downloading https://homebrew.bintray.com/bottles/nghttp2-1.42.0_1.catalina.bottle.tar.gz
==> Downloading from https://d29vzk4ow07wi7.cloudfront.net/ddc63177feae52a5d07ec0f5793a8dcb5a344f0bdd4f4ba0633dacfd8249b0be?response-content-disposition=attachment%3Bfilena
######################################################################## 100.0%
==> Downloading https://homebrew.bintray.com/bottles/unbound-1.13.0.catalina.bottle.tar.gz
==> Downloading from https://d29vzk4ow07wi7.cloudfront.net/132e7387adde0939a0f50d125ef5b6bdfa0186bae6dd9628668e9813813f4a9a?response-content-disposition=attachment%3Bfilena
######################################################################## 100.0%
==> Installing dependencies for unbound: c-ares, jemalloc, libev and nghttp2
==> Installing unbound dependency: c-ares
==> Pouring c-ares-1.17.1.catalina.bottle.tar.gz
ðŸº  /usr/local/Cellar/c-ares/1.17.1: 85 files, 672.3KB
==> Installing unbound dependency: jemalloc
==> Pouring jemalloc-5.2.1_1.catalina.bottle.tar.gz
ðŸº  /usr/local/Cellar/jemalloc/5.2.1_1: 16 files, 2MB
==> Installing unbound dependency: libev
==> Pouring libev-4.33.catalina.bottle.tar.gz
ðŸº  /usr/local/Cellar/libev/4.33: 12 files, 454.7KB
==> Installing unbound dependency: nghttp2
==> Pouring nghttp2-1.42.0_1.catalina.bottle.tar.gz
ðŸº  /usr/local/Cellar/nghttp2/1.42.0_1: 24 files, 2.8MB
==> Installing unbound
==> Pouring unbound-1.13.0.catalina.bottle.tar.gz
==> Caveats
To have launchd start unbound now and restart at startup:
  sudo brew services start unbound
==> Summary
ðŸº  /usr/local/Cellar/unbound/1.13.0: 57 files, 5.5MB
Removing: /usr/local/Cellar/unbound/1.10.1... (57 files, 5MB)
==> Upgrading ffmpeg 4.3.1 -> 4.3.1_4 
==> Downloading https://homebrew.bintray.com/bottles/aom-2.0.1.catalina.bottle.tar.gz
==> Downloading from https://d29vzk4ow07wi7.cloudfront.net/ebac8d7473e89b82ad00046243ef47207c0823e410c4d3c40483a81324ad2a4c?response-content-disposition=attachment%3Bfilena
######################################################################## 100.0%
==> Downloading https://homebrew.bintray.com/bottles/gmp-6.2.1.catalina.bottle.tar.gz
==> Downloading from https://d29vzk4ow07wi7.cloudfront.net/35e9f82d80708ae8dea2d6b0646dcd86d692321b96effaa76b7fad4d6cffa5be?response-content-disposition=attachment%3Bfilena
######################################################################## 100.0%
==> Downloading https://homebrew.bintray.com/bottles/libtool-2.4.6_2.catalina.bottle.tar.gz
Already downloaded: /Users/hoangduytran/Library/Caches/Homebrew/downloads/7788c1e5b2c7f46f57d714c68c0230bf33b90162c06d44d7b49600f51860117d--libtool-2.4.6_2.catalina.bottle.tar.gz
==> Downloading https://homebrew.bintray.com/bottles/guile-3.0.4.catalina.bottle.2.tar.gz
==> Downloading from https://d29vzk4ow07wi7.cloudfront.net/677c227a6a9b67df6592ffc26478ce5daa10f84eec4ed2ec7818f2012bb582f7?response-content-disposition=attachment%3Bfilena
######################################################################## 100.0%
==> Downloading https://homebrew.bintray.com/bottles/p11-kit-0.23.22.catalina.bottle.tar.gz
==> Downloading from https://d29vzk4ow07wi7.cloudfront.net/d02045826811eeb8475b535be7331c0770fdc930d1ac1be86796af81141e8592?response-content-disposition=attachment%3Bfilena
######################################################################## 100.0%
==> Downloading https://homebrew.bintray.com/bottles/gnutls-3.6.15.catalina.bottle.tar.gz
Already downloaded: /Users/hoangduytran/Library/Caches/Homebrew/downloads/8f33f51d1e0ead418ad5e64dad5282413b25d585027c19b0d807f6a326f71456--gnutls-3.6.15.catalina.bottle.tar.gz
==> Downloading https://homebrew.bintray.com/bottles/libbluray-1.2.1.catalina.bottle.tar.gz
==> Downloading from https://d29vzk4ow07wi7.cloudfront.net/829e85f1a3c7ddce0c377fcfc4ebe0cebd5dc64d3ef29421ff1dbc8b5d50738a?response-content-disposition=attachment%3Bfilena
######################################################################## 100.0%
==> Downloading https://homebrew.bintray.com/bottles/libvpx-1.9.0.catalina.bottle.tar.gz
Already downloaded: /Users/hoangduytran/Library/Caches/Homebrew/downloads/3803c19cb44eed29537aed178e4810512d6b46fe9c847719db407a2898b51dd3--libvpx-1.9.0.catalina.bottle.tar.gz
==> Downloading https://homebrew.bintray.com/bottles/libtiff-4.1.0_1.catalina.bottle.tar.gz
==> Downloading from https://d29vzk4ow07wi7.cloudfront.net/d92eb164b8fbe723a6006023f883a77bc02d4e54d8bbb1db6855f1ad7f1f1d6e?response-content-disposition=attachment%3Bfilena
######################################################################## 100.0%
==> Downloading https://homebrew.bintray.com/bottles/rav1e-0.3.4.catalina.bottle.tar.gz
Already downloaded: /Users/hoangduytran/Library/Caches/Homebrew/downloads/f70be3a6ca9f0023011075ad9fb8cab2878617140d037800147dfd8a32417dbc--rav1e-0.3.4.catalina.bottle.tar.gz
==> Downloading https://homebrew.bintray.com/bottles/libsndfile-1.0.30_1.catalina.bottle.tar.gz
==> Downloading from https://d29vzk4ow07wi7.cloudfront.net/8777b541acc126315428bcee3f3453a240157dcdca48d2e51609158ad3539284?response-content-disposition=attachment%3Bfilena
######################################################################## 100.0%
==> Downloading https://homebrew.bintray.com/bottles/rubberband-1.9.0.catalina.bottle.tar.gz
Already downloaded: /Users/hoangduytran/Library/Caches/Homebrew/downloads/829e8bc9eade0efdfe4fe66cb86d1fa087bc46a1d553c4e33a9bc77565231255--rubberband-1.9.0.catalina.bottle.tar.gz
==> Downloading https://homebrew.bintray.com/bottles/leptonica-1.80.0.catalina.bottle.tar.gz
Already downloaded: /Users/hoangduytran/Library/Caches/Homebrew/downloads/8dda2f855c845dcb5a4e3eded4ee0b5b38efa336e2e5bf8156ca5bdeb245a5ef--leptonica-1.80.0.catalina.bottle.tar.gz
==> Downloading https://homebrew.bintray.com/bottles/x264-r3027_1.catalina.bottle.tar.gz
==> Downloading from https://d29vzk4ow07wi7.cloudfront.net/60b2b82a877d14c5c02f28e0d51ae90b89d4a141fa3c4efcc3fed6926d41033a?response-content-disposition=attachment%3Bfilena
######################################################################## 100.0%
==> Downloading https://homebrew.bintray.com/bottles/x265-3.4_1.catalina.bottle.tar.gz
==> Downloading from https://d29vzk4ow07wi7.cloudfront.net/0e268d680b103353ff708f4514b54f40d5a8793951a1caea1355addcda80450c?response-content-disposition=attachment%3Bfilena
######################################################################## 100.0%
==> Downloading https://homebrew.bintray.com/bottles/ffmpeg-4.3.1_4.catalina.bottle.tar.gz
==> Downloading from https://d29vzk4ow07wi7.cloudfront.net/fa20f49d1650469cc4ea6fe6ef6c8d949106235cec8de9a386dec5839c2bb047?response-content-disposition=attachment%3Bfilena
######################################################################## 100.0%
==> Installing dependencies for ffmpeg: aom, gmp, libtool, guile, p11-kit, gnutls, libbluray, libvpx, libtiff, rav1e, libsndfile, rubberband, leptonica, x264 and x265
==> Installing ffmpeg dependency: aom
==> Pouring aom-2.0.1.catalina.bottle.tar.gz
ðŸº  /usr/local/Cellar/aom/2.0.1: 19 files, 16.2MB
==> Installing ffmpeg dependency: gmp
==> Pouring gmp-6.2.1.catalina.bottle.tar.gz
ðŸº  /usr/local/Cellar/gmp/6.2.1: 21 files, 3.3MB
==> Installing ffmpeg dependency: libtool
==> Pouring libtool-2.4.6_2.catalina.bottle.tar.gz
==> Caveats
In order to prevent conflicts with Apple's own libtool we have prepended a "g"
so, you have instead: glibtool and glibtoolize.
==> Summary
ðŸº  /usr/local/Cellar/libtool/2.4.6_2: 71 files, 3.7MB
==> Installing ffmpeg dependency: guile
==> Pouring guile-3.0.4.catalina.bottle.2.tar.gz
==> Caveats
Guile libraries can now be installed here:
    Source files: /usr/local/share/guile/site/3.0
  Compiled files: /usr/local/lib/guile/3.0/site-ccache
      Extensions: /usr/local/lib/guile/3.0/extensions

Add the following to your .bashrc or equivalent:
  export GUILE_LOAD_PATH="/usr/local/share/guile/site/3.0"
  export GUILE_LOAD_COMPILED_PATH="/usr/local/lib/guile/3.0/site-ccache"
  export GUILE_SYSTEM_EXTENSIONS_PATH="/usr/local/lib/guile/3.0/extensions"
==> Summary
ðŸº  /usr/local/Cellar/guile/3.0.4: 831 files, 56.6MB
==> Installing ffmpeg dependency: p11-kit
==> Pouring p11-kit-0.23.22.catalina.bottle.tar.gz
ðŸº  /usr/local/Cellar/p11-kit/0.23.22: 63 files, 3MB
==> Installing ffmpeg dependency: gnutls
==> Pouring gnutls-3.6.15.catalina.bottle.tar.gz
==> Caveats
If you are going to use the Guile bindings you will need to add the following
to your .bashrc or equivalent in order for Guile to find the TLS certificates
database:
  export GUILE_TLS_CERTIFICATE_DIRECTORY=/usr/local/etc/gnutls/
==> Summary
ðŸº  /usr/local/Cellar/gnutls/3.6.15: 1,250 files, 10.8MB
==> Installing ffmpeg dependency: libbluray
==> Pouring libbluray-1.2.1.catalina.bottle.tar.gz
ðŸº  /usr/local/Cellar/libbluray/1.2.1: 23 files, 1.7MB
==> Installing ffmpeg dependency: libvpx
==> Pouring libvpx-1.9.0.catalina.bottle.tar.gz
ðŸº  /usr/local/Cellar/libvpx/1.9.0: 17 files, 3MB
==> Installing ffmpeg dependency: libtiff
==> Pouring libtiff-4.1.0_1.catalina.bottle.tar.gz
ðŸº  /usr/local/Cellar/libtiff/4.1.0_1: 247 files, 4.2MB
==> Installing ffmpeg dependency: rav1e
==> Pouring rav1e-0.3.4.catalina.bottle.tar.gz
ðŸº  /usr/local/Cellar/rav1e/0.3.4: 13 files, 66.5MB
==> Installing ffmpeg dependency: libsndfile
==> Pouring libsndfile-1.0.30_1.catalina.bottle.tar.gz
ðŸº  /usr/local/Cellar/libsndfile/1.0.30_1: 49 files, 1.8MB
==> Installing ffmpeg dependency: rubberband
==> Pouring rubberband-1.9.0.catalina.bottle.tar.gz
ðŸº  /usr/local/Cellar/rubberband/1.9.0: 12 files, 525.2KB
==> Installing ffmpeg dependency: leptonica
==> Pouring leptonica-1.80.0.catalina.bottle.tar.gz
ðŸº  /usr/local/Cellar/leptonica/1.80.0: 52 files, 6MB
==> Installing ffmpeg dependency: x264
==> Pouring x264-r3027_1.catalina.bottle.tar.gz
ðŸº  /usr/local/Cellar/x264/r3027_1: 11 files, 5.7MB
==> Installing ffmpeg dependency: x265
==> Pouring x265-3.4_1.catalina.bottle.tar.gz
ðŸº  /usr/local/Cellar/x265/3.4_1: 11 files, 35.8MB
==> Installing ffmpeg
==> Pouring ffmpeg-4.3.1_4.catalina.bottle.tar.gz
ðŸº  /usr/local/Cellar/ffmpeg/4.3.1_4: 273 files, 55MB
Removing: /usr/local/Cellar/ffmpeg/4.3.1... (299 files, 60MB)
==> Upgrading enchant 2.2.11 -> 2.2.14 
==> Downloading https://homebrew.bintray.com/bottles/enchant-2.2.14.catalina.bottle.tar.gz
######################################################################## 100.0%
==> Pouring enchant-2.2.14.catalina.bottle.tar.gz
ðŸº  /usr/local/Cellar/enchant/2.2.14: 25 files, 494.3KB
Removing: /usr/local/Cellar/enchant/2.2.11... (25 files, 337.8KB)
==> Upgrading gnutls 3.6.15 -> 3.6.15 
Removing: /usr/local/Cellar/gnutls/3.6.14... (1,244 files, 10.2MB)
==> Upgrading glib 2.66.3 -> 2.66.3 
Removing: /usr/local/Cellar/glib/2.64.5... (436 files, 14.8MB)
==> Checking for dependents of upgraded formulae...
==> No broken dependents found!
==> Caveats
==> openssl@1.1
A CA file has been bootstrapped using certificates from the system
keychain. To add additional certificates, place .pem files in
  /usr/local/etc/openssl@1.1/certs

and run
  /usr/local/opt/openssl@1.1/bin/c_rehash

openssl@1.1 is keg-only, which means it was not symlinked into /usr/local,
because macOS provides LibreSSL.

If you need to have openssl@1.1 first in your PATH run:
  echo 'export PATH="/usr/local/opt/openssl@1.1/bin:$PATH"' >> ~/.zshrc

For compilers to find openssl@1.1 you may need to set:
  export LDFLAGS="-L/usr/local/opt/openssl@1.1/lib"
  export CPPFLAGS="-I/usr/local/opt/openssl@1.1/include"

For pkg-config to find openssl@1.1 you may need to set:
  export PKG_CONFIG_PATH="/usr/local/opt/openssl@1.1/lib/pkgconfig"

==> readline
readline is keg-only, which means it was not symlinked into /usr/local,
because macOS provides BSD libedit.

For compilers to find readline you may need to set:
  export LDFLAGS="-L/usr/local/opt/readline/lib"
  export CPPFLAGS="-I/usr/local/opt/readline/include"

For pkg-config to find readline you may need to set:
  export PKG_CONFIG_PATH="/usr/local/opt/readline/lib/pkgconfig"

==> sqlite
sqlite is keg-only, which means it was not symlinked into /usr/local,
because macOS already provides this software and installing another version in
parallel can cause all kinds of trouble.

If you need to have sqlite first in your PATH run:
  echo 'export PATH="/usr/local/opt/sqlite/bin:$PATH"' >> ~/.zshrc

For compilers to find sqlite you may need to set:
  export LDFLAGS="-L/usr/local/opt/sqlite/lib"
  export CPPFLAGS="-I/usr/local/opt/sqlite/include"

For pkg-config to find sqlite you may need to set:
  export PKG_CONFIG_PATH="/usr/local/opt/sqlite/lib/pkgconfig"

==> python@3.8
Python has been installed as
  /usr/local/opt/python@3.8/bin/python3

Unversioned symlinks `python`, `python-config`, `pip` etc. pointing to
`python3`, `python3-config`, `pip3` etc., respectively, have been installed into
  /usr/local/opt/python@3.8/libexec/bin

You can install Python packages with
  /usr/local/opt/python@3.8/bin/pip3 install <package>
They will install into the site-package directory
  /usr/local/lib/python3.8/site-packages

See: https://docs.brew.sh/Homebrew-and-Python

python@3.8 is keg-only, which means it was not symlinked into /usr/local,
because this is an alternate version of another formula.

If you need to have python@3.8 first in your PATH run:
  echo 'export PATH="/usr/local/opt/python@3.8/bin:$PATH"' >> ~/.zshrc

For compilers to find python@3.8 you may need to set:
  export LDFLAGS="-L/usr/local/opt/python@3.8/lib"

For pkg-config to find python@3.8 you may need to set:
  export PKG_CONFIG_PATH="/usr/local/opt/python@3.8/lib/pkgconfig"

==> python@3.9
Python has been installed as
  /usr/local/bin/python3

Unversioned symlinks `python`, `python-config`, `pip` etc. pointing to
`python3`, `python3-config`, `pip3` etc., respectively, have been installed into
  /usr/local/opt/python@3.9/libexec/bin

You can install Python packages with
  pip3 install <package>
They will install into the site-package directory
  /usr/local/lib/python3.9/site-packages

See: https://docs.brew.sh/Homebrew-and-Python
==> subversion
svntools have been installed to:
  /usr/local/opt/subversion/libexec

The perl bindings are located in various subdirectories of:
  /usr/local/opt/subversion/lib/perl5

You may need to link the Java bindings into the Java Extensions folder:
  sudo mkdir -p /Library/Java/Extensions
  sudo ln -s /usr/local/lib/libsvnjavahl-1.dylib /Library/Java/Extensions/libsvnjavahl-1.dylib
==> unbound
To have launchd start unbound now and restart at startup:
  sudo brew services start unbound
==> libtool
In order to prevent conflicts with Apple's own libtool we have prepended a "g"
so, you have instead: glibtool and glibtoolize.
==> guile
Guile libraries can now be installed here:
    Source files: /usr/local/share/guile/site/3.0
  Compiled files: /usr/local/lib/guile/3.0/site-ccache
      Extensions: /usr/local/lib/guile/3.0/extensions

Add the following to your .bashrc or equivalent:
  export GUILE_LOAD_PATH="/usr/local/share/guile/site/3.0"
  export GUILE_LOAD_COMPILED_PATH="/usr/local/lib/guile/3.0/site-ccache"
  export GUILE_SYSTEM_EXTENSIONS_PATH="/usr/local/lib/guile/3.0/extensions"
==> gnutls
If you are going to use the Guile bindings you will need to add the following
to your .bashrc or equivalent in order for Guile to find the TLS certificates
database:
  export GUILE_TLS_CERTIFICATE_DIRECTORY=/usr/local/etc/gnutls/
hoangduytran@Hoangs-MBP bin % 
