hoangduytran@Hoangs-MBP ~ % brew install python
Updating Homebrew...
==> Auto-updated Homebrew!
Updated 1 tap (homebrew/core).
==> New Formulae
atkmm@2.28            gtkmm4                libnsl                spack                 xcb-util-keysyms      zsh-async
flow-cli              jql                   libvdpau              thrax                 xcb-util-renderutil
glibmm@2.64           libcap-ng             pangomm@2.42          xcb-util-image        xcb-util-wm
==> Updated Formulae
Updated 238 formulae.

==> Downloading https://homebrew.bintray.com/bottles/gdbm-1.18.1_1.catalina.bottle.tar.gz
==> Downloading from https://d29vzk4ow07wi7.cloudfront.net/f7b5ab7363961fa6defcb66b4ffdf5365264fcb97d35bc413e754f173a3b1912?respons
######################################################################## 100.0%
==> Downloading https://homebrew.bintray.com/bottles/xz-5.2.5.catalina.bottle.tar.gz
==> Downloading from https://d29vzk4ow07wi7.cloudfront.net/2dcc8e0121c934d1e34ffdb37fcd70f0f7b5c2f4755f2f7cbcf360e9e54cb43b?respons
######################################################################## 100.0%
==> Downloading https://homebrew.bintray.com/bottles/python%403.9-3.9.1_1.catalina.bottle.tar.gz
==> Downloading from https://d29vzk4ow07wi7.cloudfront.net/367924e7be7a76f966acf68c0d909fb34cf8c22959a71769a6838c9bb35fbe87?respons
######################################################################## 100.0%
==> Installing dependencies for python@3.9: gdbm and xz
==> Installing python@3.9 dependency: gdbm
==> Pouring gdbm-1.18.1_1.catalina.bottle.tar.gz
ðŸº  /usr/local/Cellar/gdbm/1.18.1_1: 25 files, 641KB
==> Installing python@3.9 dependency: xz
==> Pouring xz-5.2.5.catalina.bottle.tar.gz
ðŸº  /usr/local/Cellar/xz/5.2.5: 92 files, 1.1MB
==> Installing python@3.9
==> Pouring python@3.9-3.9.1_1.catalina.bottle.tar.gz
==> /usr/local/Cellar/python@3.9/3.9.1_1/bin/python3 -m ensurepip
==> /usr/local/Cellar/python@3.9/3.9.1_1/bin/pip3 install -v --global-option=--no-user-cfg --install-option=--force --install-optio
==> Caveats
Python has been installed as
  /usr/local/bin/python3

Unversioned symlinks `python`, `python-config`, `pip` etc. pointing to
`python3`, `python3-config`, `pip3` etc., respectively, have been installed into
  /usr/local/opt/python@3.9/libexec/bin

You can install Python packages with
  pip3 install <package>
They will install into the site-package directory
  /usr/local/lib/python3.9/site-packages

See: https://docs.brew.sh/Homebrew-and-Python
==> Summary
ðŸº  /usr/local/Cellar/python@3.9/3.9.1_1: 3,895 files, 63.9MB
==> Caveats
==> python@3.9
Python has been installed as
  /usr/local/bin/python3

Unversioned symlinks `python`, `python-config`, `pip` etc. pointing to
`python3`, `python3-config`, `pip3` etc., respectively, have been installed into
  /usr/local/opt/python@3.9/libexec/bin

You can install Python packages with
  pip3 install <package>
They will install into the site-package directory
  /usr/local/lib/python3.9/site-packages

See: https://docs.brew.sh/Homebrew-and-Python