hoangduytran@Hoangs-MBP ~ % brew install pypy
Updating Homebrew...
==> Auto-updated Homebrew!
Updated 1 tap (homebrew/core).
==> Updated Formulae
Updated 15 formulae.

==> Downloading https://homebrew.bintray.com/bottles/tcl-tk-8.6.10.catalina.bottle.1.tar.gz
==> Downloading from https://d29vzk4ow07wi7.cloudfront.net/4740b30b97f0308ecc59c1308945c38ddca5d3da528d779f38199a2dad905fa1?response-content-disposition=attachment
######################################################################## 100.0%
==> Downloading https://homebrew.bintray.com/bottles/pypy-7.3.1_1.catalina.bottle.tar.gz
==> Downloading from https://d29vzk4ow07wi7.cloudfront.net/61e8cfe37e26b93cd72b7fa8d758d71c52181bc1e2a04f6221811018237bade1?response-content-disposition=attachment
######################################################################## 100.0%
==> Installing dependencies for pypy: tcl-tk
==> Installing pypy dependency: tcl-tk
==> Pouring tcl-tk-8.6.10.catalina.bottle.1.tar.gz
==> Caveats
tcl-tk is keg-only, which means it was not symlinked into /usr/local,
because macOS already provides this software and installing another version in
parallel can cause all kinds of trouble.

If you need to have tcl-tk first in your PATH run:
  echo 'export PATH="/usr/local/opt/tcl-tk/bin:$PATH"' >> ~/.zshrc

For compilers to find tcl-tk you may need to set:
  export LDFLAGS="-L/usr/local/opt/tcl-tk/lib"
  export CPPFLAGS="-I/usr/local/opt/tcl-tk/include"

For pkg-config to find tcl-tk you may need to set:
  export PKG_CONFIG_PATH="/usr/local/opt/tcl-tk/lib/pkgconfig"

==> Summary
ðŸº  /usr/local/Cellar/tcl-tk/8.6.10: 3,036 files, 51MB
==> Installing pypy
==> Pouring pypy-7.3.1_1.catalina.bottle.tar.gz
==> Downloading https://files.pythonhosted.org/packages/b5/96/af1686ea8c1e503f4a81223d4a3410e7587fd52df03083de24161d0df7d4/setuptools-46.1.3.zip
######################################################################## 100.0%
==> /usr/local/Cellar/pypy/7.3.1_1/bin/pypy -s setup.py --no-user-cfg install --force --verbose
==> Downloading https://files.pythonhosted.org/packages/8e/76/66066b7bc71817238924c7e4b448abdb17eb0c92d645769c223f9ace478f/pip-20.0.2.tar.gz
######################################################################## 100.0%
==> /usr/local/Cellar/pypy/7.3.1_1/bin/pypy -s setup.py --no-user-cfg install --force --verbose
==> Caveats
A "distutils.cfg" has been written to:
  /usr/local/opt/pypy/libexec/lib-python/2.7/distutils
specifying the install-scripts folder as:
  /usr/local/share/pypy

If you install Python packages via "pypy setup.py install", easy_install_pypy,
or pip_pypy, any provided scripts will go into the install-scripts folder
above, so you may want to add it to your PATH *after* /usr/local/bin
so you don't overwrite tools from CPython.

Setuptools and pip have been installed, so you can use easy_install_pypy and
pip_pypy.
To update setuptools and pip between pypy releases, run:
    pip_pypy install --upgrade pip setuptools

See: https://docs.brew.sh/Homebrew-and-Python
==> Summary
ðŸº  /usr/local/Cellar/pypy/7.3.1_1: 2,540 files, 76.7MB
==> Caveats
==> tcl-tk
tcl-tk is keg-only, which means it was not symlinked into /usr/local,
because macOS already provides this software and installing another version in
parallel can cause all kinds of trouble.

If you need to have tcl-tk first in your PATH run:
  echo 'export PATH="/usr/local/opt/tcl-tk/bin:$PATH"' >> ~/.zshrc

For compilers to find tcl-tk you may need to set:
  export LDFLAGS="-L/usr/local/opt/tcl-tk/lib"
  export CPPFLAGS="-I/usr/local/opt/tcl-tk/include"

For pkg-config to find tcl-tk you may need to set:
  export PKG_CONFIG_PATH="/usr/local/opt/tcl-tk/lib/pkgconfig"

==> pypy
A "distutils.cfg" has been written to:
  /usr/local/opt/pypy/libexec/lib-python/2.7/distutils
specifying the install-scripts folder as:
  /usr/local/share/pypy

If you install Python packages via "pypy setup.py install", easy_install_pypy,
or pip_pypy, any provided scripts will go into the install-scripts folder
above, so you may want to add it to your PATH *after* /usr/local/bin
so you don't overwrite tools from CPython.

Setuptools and pip have been installed, so you can use easy_install_pypy and
pip_pypy.
To update setuptools and pip between pypy releases, run:
    pip_pypy install --upgrade pip setuptools