(tran) hoangduytran@Hoangs-MBP tran % python -m install spacy
/Users/hoangduytran/.local/share/virtualenvs/tran-IsQxE3ax/bin/python3: No module named install
(tran) hoangduytran@Hoangs-MBP tran % pip3 install spacy
Collecting spacy
  Downloading spacy-3.0.1-cp37-cp37m-macosx_10_9_x86_64.whl (12.3 MB)
     |████████████████████████████████| 12.3 MB 7.6 MB/s 
Collecting tqdm<5.0.0,>=4.38.0
  Downloading tqdm-4.56.0-py2.py3-none-any.whl (72 kB)
     |████████████████████████████████| 72 kB 2.2 MB/s 
Requirement already satisfied: packaging>=20.0 in /Users/hoangduytran/.local/share/virtualenvs/tran-IsQxE3ax/lib/python3.7/site-packages (from spacy) (20.9)
Collecting wasabi<1.1.0,>=0.8.1
  Downloading wasabi-0.8.2-py3-none-any.whl (23 kB)
Collecting catalogue<2.1.0,>=2.0.1
  Downloading catalogue-2.0.1-py3-none-any.whl (9.6 kB)
Collecting thinc<8.1.0,>=8.0.0
  Downloading thinc-8.0.1-cp37-cp37m-macosx_10_9_x86_64.whl (1.1 MB)
     |████████████████████████████████| 1.1 MB 10.2 MB/s 
Collecting numpy>=1.15.0
  Downloading numpy-1.20.0-cp37-cp37m-macosx_10_9_x86_64.whl (16.0 MB)
     |████████████████████████████████| 16.0 MB 4.3 MB/s 
Requirement already satisfied: jinja2 in /Users/hoangduytran/.local/share/virtualenvs/tran-IsQxE3ax/lib/python3.7/site-packages (from spacy) (2.11.3)
Collecting spacy-legacy<3.1.0,>=3.0.0
  Downloading spacy_legacy-3.0.1-py2.py3-none-any.whl (7.0 kB)
Collecting murmurhash<1.1.0,>=0.28.0
  Downloading murmurhash-1.0.5-cp37-cp37m-macosx_10_9_x86_64.whl (18 kB)
Collecting pathy
  Downloading pathy-0.3.5-py3-none-any.whl (34 kB)
Collecting blis<0.8.0,>=0.4.0
  Downloading blis-0.7.4-cp37-cp37m-macosx_10_9_x86_64.whl (5.8 MB)
     |████████████████████████████████| 5.8 MB 5.3 MB/s 
Collecting typer<0.4.0,>=0.3.0
  Downloading typer-0.3.2-py3-none-any.whl (21 kB)
Collecting preshed<3.1.0,>=3.0.2
  Downloading preshed-3.0.5-cp37-cp37m-macosx_10_9_x86_64.whl (104 kB)
     |████████████████████████████████| 104 kB 13.0 MB/s 
Requirement already satisfied: requests<3.0.0,>=2.13.0 in /Users/hoangduytran/.local/share/virtualenvs/tran-IsQxE3ax/lib/python3.7/site-packages (from spacy) (2.25.1)
Collecting importlib-metadata>=0.20; python_version < "3.8"
  Downloading importlib_metadata-3.4.0-py3-none-any.whl (10 kB)
Collecting cymem<2.1.0,>=2.0.2
  Downloading cymem-2.0.5-cp37-cp37m-macosx_10_9_x86_64.whl (31 kB)
Requirement already satisfied: setuptools in /Users/hoangduytran/.local/share/virtualenvs/tran-IsQxE3ax/lib/python3.7/site-packages (from spacy) (50.3.2)
Collecting typing-extensions>=3.7.4; python_version < "3.8"
  Downloading typing_extensions-3.7.4.3-py3-none-any.whl (22 kB)
Collecting srsly<3.0.0,>=2.4.0
  Downloading srsly-2.4.0-cp37-cp37m-macosx_10_9_x86_64.whl (449 kB)
     |████████████████████████████████| 449 kB 8.7 MB/s 
Collecting pydantic<1.8.0,>=1.7.1
  Downloading pydantic-1.7.3-cp37-cp37m-macosx_10_9_x86_64.whl (2.3 MB)
     |████████████████████████████████| 2.3 MB 8.9 MB/s 
Requirement already satisfied: pyparsing>=2.0.2 in /Users/hoangduytran/.local/share/virtualenvs/tran-IsQxE3ax/lib/python3.7/site-packages (from packaging>=20.0->spacy) (2.4.7)
Requirement already satisfied: MarkupSafe>=0.23 in /Users/hoangduytran/.local/share/virtualenvs/tran-IsQxE3ax/lib/python3.7/site-packages (from jinja2->spacy) (1.1.1)
Collecting smart-open<4.0.0,>=2.2.0
  Downloading smart_open-3.0.0.tar.gz (113 kB)
     |████████████████████████████████| 113 kB 15.1 MB/s 
Requirement already satisfied: click<7.2.0,>=7.1.1 in /Users/hoangduytran/.local/share/virtualenvs/tran-IsQxE3ax/lib/python3.7/site-packages (from typer<0.4.0,>=0.3.0->spacy) (7.1.2)
Requirement already satisfied: idna<3,>=2.5 in /Users/hoangduytran/.local/share/virtualenvs/tran-IsQxE3ax/lib/python3.7/site-packages (from requests<3.0.0,>=2.13.0->spacy) (2.10)
Requirement already satisfied: chardet<5,>=3.0.2 in /Users/hoangduytran/.local/share/virtualenvs/tran-IsQxE3ax/lib/python3.7/site-packages (from requests<3.0.0,>=2.13.0->spacy) (4.0.0)
Requirement already satisfied: certifi>=2017.4.17 in /Users/hoangduytran/.local/share/virtualenvs/tran-IsQxE3ax/lib/python3.7/site-packages (from requests<3.0.0,>=2.13.0->spacy) (2020.12.5)
Requirement already satisfied: urllib3<1.27,>=1.21.1 in /Users/hoangduytran/.local/share/virtualenvs/tran-IsQxE3ax/lib/python3.7/site-packages (from requests<3.0.0,>=2.13.0->spacy) (1.26.3)
Collecting zipp>=0.5
  Downloading zipp-3.4.0-py3-none-any.whl (5.2 kB)
Building wheels for collected packages: smart-open
  Building wheel for smart-open (setup.py) ... done
  Created wheel for smart-open: filename=smart_open-3.0.0-py3-none-any.whl size=107097 sha256=1d8232deafec5ba5868f24006823c6d14215beb68aef6b4d324df7448ad342e9
  Stored in directory: /Users/hoangduytran/Library/Caches/pip/wheels/83/a6/12/bf3c1a667bde4251be5b7a3368b2d604c9af2105b5c1cb1870
Successfully built smart-open
Installing collected packages: tqdm, wasabi, zipp, typing-extensions, importlib-metadata, catalogue, murmurhash, cymem, numpy, blis, preshed, srsly, pydantic, thinc, spacy-legacy, typer, smart-open, pathy, spacy
Successfully installed blis-0.7.4 catalogue-2.0.1 cymem-2.0.5 importlib-metadata-3.4.0 murmurhash-1.0.5 numpy-1.20.0 pathy-0.3.5 preshed-3.0.5 pydantic-1.7.3 smart-open-3.0.0 spacy-3.0.1 spacy-legacy-3.0.1 srsly-2.4.0 thinc-8.0.1 tqdm-4.56.0 typer-0.3.2 typing-extensions-3.7.4.3 wasabi-0.8.2 zipp-3.4.0
(tran) hoangduytran@Hoangs-MBP tran % 
