(tran) hoangduytran@Hoangs-MBP blender_manual % brew install subversion
Updating Homebrew...
==> Downloading https://homebrew.bintray.com/bottles/apr-1.7.0.catalina.bottle.tar.gz
Warning: Transient problem: timeout Will retry in 1 seconds. 3 retries left.
Warning: Transient problem: timeout Will retry in 2 seconds. 2 retries left.  
Warning: Transient problem: timeout Will retry in 4 seconds. 1 retries left.  
##O=#  #                                                                      
curl: (6) Could not resolve host: homebrew.bintray.com
Error: Failed to download resource "apr"
Download failed: https://homebrew.bintray.com/bottles/apr-1.7.0.catalina.bottle.tar.gz
Warning: Bottle installation failed: building from source.
^C
(tran) hoangduytran@Hoangs-MBP blender_manual % brew install subversion
Updating Homebrew...
==> Auto-updated Homebrew!
Updated 2 taps (homebrew/core and homebrew/cask).
==> New Formulae
grokj2k                                   hblock                                    logswan                                   tgenv
==> Updated Formulae
Updated 119 formulae.
==> New Casks
little-navmap                                                                        stringz
==> Updated Casks
Updated 17 casks.

==> Downloading https://homebrew.bintray.com/bottles/apr-1.7.0.catalina.bottle.tar.gz
==> Downloading from https://d29vzk4ow07wi7.cloudfront.net/277c42fcf2f5ca298a14279d1325f58da89ee4ec2132b3ccca9bf8dfdc354c48?response-content-disposition=attachment%3Bfil
######################################################################## 100.0%
==> Downloading https://homebrew.bintray.com/bottles/apr-util-1.6.1_3.catalina.bottle.tar.gz
==> Downloading from https://d29vzk4ow07wi7.cloudfront.net/425955a21c3fec8e78f365cd7fc4c6c4ec95d074f720a9b24e8237af90cc4dcc?response-content-disposition=attachment%3Bfil
######################################################################## 100.0%
==> Downloading https://homebrew.bintray.com/bottles/gettext-0.21.catalina.bottle.tar.gz
==> Downloading from https://d29vzk4ow07wi7.cloudfront.net/cdea54f52b7c36ebcb5fe26a1cf736d7cd6fd5f2fd016dd8357a8624ffd6b5f8?response-content-disposition=attachment%3Bfil
######################################################################## 100.0%
==> Downloading https://homebrew.bintray.com/bottles/lz4-1.9.3.catalina.bottle.tar.gz
==> Downloading from https://d29vzk4ow07wi7.cloudfront.net/899aeb12833a982e06013a60aa9b1ee69e3f77f969a5aa2dcec02ad329f369bb?response-content-disposition=attachment%3Bfil
######################################################################## 100.0%
==> Downloading https://homebrew.bintray.com/bottles/perl-5.32.0.catalina.bottle.tar.gz
==> Downloading from https://d29vzk4ow07wi7.cloudfront.net/bc6c97521b6edf723c8ee0742aebb1954b5c8fec81bf2d96861c3f8bcc4e404d?response-content-disposition=attachment%3Bfil
######################################################################## 100.0%
==> Downloading https://homebrew.bintray.com/bottles/utf8proc-2.6.1.catalina.bottle.tar.gz
######################################################################## 100.0%
==> Downloading https://homebrew.bintray.com/bottles/subversion-1.14.0_6.catalina.bottle.tar.gz
==> Downloading from https://d29vzk4ow07wi7.cloudfront.net/a077210ae884ac59170e51a4ff0566f9576f0a42f772effd4860b92e7ff5150e?response-content-disposition=attachment%3Bfil
######################################################################## 100.0%
==> Installing dependencies for subversion: apr, apr-util, gettext, lz4, perl and utf8proc
==> Installing subversion dependency: apr
==> Pouring apr-1.7.0.catalina.bottle.tar.gz
==> Caveats
apr is keg-only, which means it was not symlinked into /usr/local,
because Apple's CLT provides apr.

If you need to have apr first in your PATH run:
  echo 'export PATH="/usr/local/opt/apr/bin:$PATH"' >> ~/.zshrc

==> Summary
ðŸº  /usr/local/Cellar/apr/1.7.0: 59 files, 1.4MB
==> Installing subversion dependency: apr-util
==> Pouring apr-util-1.6.1_3.catalina.bottle.tar.gz
==> Caveats
apr-util is keg-only, which means it was not symlinked into /usr/local,
because Apple's CLT provides apr (but not apr-util).

If you need to have apr-util first in your PATH run:
  echo 'export PATH="/usr/local/opt/apr-util/bin:$PATH"' >> ~/.zshrc

==> Summary
ðŸº  /usr/local/Cellar/apr-util/1.6.1_3: 54 files, 785.8KB
==> Installing subversion dependency: gettext
==> Pouring gettext-0.21.catalina.bottle.tar.gz
ðŸº  /usr/local/Cellar/gettext/0.21: 1,953 files, 19.0MB
==> Installing subversion dependency: lz4
==> Pouring lz4-1.9.3.catalina.bottle.tar.gz
ðŸº  /usr/local/Cellar/lz4/1.9.3: 22 files, 657.6KB
==> Installing subversion dependency: perl
==> Pouring perl-5.32.0.catalina.bottle.tar.gz
==> Caveats
By default non-brewed cpan modules are installed to the Cellar. If you wish
for your modules to persist across updates we recommend using `local::lib`.

You can set that up like this:
  PERL_MM_OPT="INSTALL_BASE=$HOME/perl5" cpan local::lib
  echo 'eval "$(perl -I$HOME/perl5/lib/perl5 -Mlocal::lib=$HOME/perl5)"' >> ~/.zshrc
==> Summary
ðŸº  /usr/local/Cellar/perl/5.32.0: 2,458 files, 63.5MB
==> Installing subversion dependency: utf8proc
==> Pouring utf8proc-2.6.1.catalina.bottle.tar.gz
ðŸº  /usr/local/Cellar/utf8proc/2.6.1: 10 files, 752KB
==> Installing subversion
==> Pouring subversion-1.14.0_6.catalina.bottle.tar.gz
==> Caveats
svntools have been installed to:
  /usr/local/opt/subversion/libexec

The perl bindings are located in various subdirectories of:
  /usr/local/opt/subversion/lib/perl5

You may need to link the Java bindings into the Java Extensions folder:
  sudo mkdir -p /Library/Java/Extensions
  sudo ln -s /usr/local/lib/libsvnjavahl-1.dylib /Library/Java/Extensions/libsvnjavahl-1.dylib
==> Summary
ðŸº  /usr/local/Cellar/subversion/1.14.0_6: 234 files, 32.1MB
==> Caveats
==> apr
apr is keg-only, which means it was not symlinked into /usr/local,
because Apple's CLT provides apr.

If you need to have apr first in your PATH run:
  echo 'export PATH="/usr/local/opt/apr/bin:$PATH"' >> ~/.zshrc

==> apr-util
apr-util is keg-only, which means it was not symlinked into /usr/local,
because Apple's CLT provides apr (but not apr-util).

If you need to have apr-util first in your PATH run:
  echo 'export PATH="/usr/local/opt/apr-util/bin:$PATH"' >> ~/.zshrc

==> perl
By default non-brewed cpan modules are installed to the Cellar. If you wish
for your modules to persist across updates we recommend using `local::lib`.

You can set that up like this:
  PERL_MM_OPT="INSTALL_BASE=$HOME/perl5" cpan local::lib
  echo 'eval "$(perl -I$HOME/perl5/lib/perl5 -Mlocal::lib=$HOME/perl5)"' >> ~/.zshrc
==> subversion
svntools have been installed to:
  /usr/local/opt/subversion/libexec

The perl bindings are located in various subdirectories of:
  /usr/local/opt/subversion/lib/perl5

You may need to link the Java bindings into the Java Extensions folder:
  sudo mkdir -p /Library/Java/Extensions
  sudo ln -s /usr/local/lib/libsvnjavahl-1.dylib /Library/Java/Extensions/libsvnjavahl-1.dylib
(tran) hoangduytran@Hoangs-MBP blender_manual % 