hoangduytran@Hoangs-MBP tran % pipenv shell
Launching subshell in virtual environment...
 . /Users/hoangduytran/.local/share/virtualenvs/tran-IsQxE3ax/bin/activate                                                                          
hoangduytran@Hoangs-MacBook-Pro tran %  . /Users/hoangduytran/.local/share/virtualenvs/tran-IsQxE3ax/bin/activate
(tran) hoangduytran@Hoangs-MacBook-Pro tran % python3
Python 3.7.9 (default, Nov 20 2020, 18:45:38) 
[Clang 12.0.0 (clang-1200.0.32.27)] on darwin
Type "help", "copyright", "credits" or "license" for more information.
>>> quit()
(tran) hoangduytran@Hoangs-MacBook-Pro tran % ls
Pipfile		Pipfile.lock	blender-git	blender_docs	blender_manual	po
(tran) hoangduytran@Hoangs-MacBook-Pro tran % python3   
Python 3.7.9 (default, Nov 20 2020, 18:45:38) 
[Clang 12.0.0 (clang-1200.0.32.27)] on darwin
Type "help", "copyright", "credits" or "license" for more information.
>>> import os
>>> import inspect
>>> inspect.getfile(os)
'/usr/local/Cellar/python@3.7/3.7.9_2/Frameworks/Python.framework/Versions/3.7/lib/python3.7/os.py'
>>> 
(tran) hoangduytran@Hoangs-MacBook-Pro tran % cd blender_docs 
(tran) hoangduytran@Hoangs-MacBook-Pro blender_docs % python
Python 3.7.9 (default, Nov 20 2020, 18:45:38) 
[Clang 12.0.0 (clang-1200.0.32.27)] on darwin
Type "help", "copyright", "credits" or "license" for more information.
>>> quit()
(tran) hoangduytran@Hoangs-MacBook-Pro blender_docs % python -m pip install -r requirements.txt 
WARNING: Retrying (Retry(total=4, connect=None, read=None, redirect=None, status=None)) after connection broken by 'NewConnectionError('<pip._vendor.urllib3.connection.HTTPSConnection object at 0x105b3dbd0>: Failed to establish a new connection: [Errno 8] nodename nor servname provided, or not known')': /simple/sphinx/
WARNING: Retrying (Retry(total=3, connect=None, read=None, redirect=None, status=None)) after connection broken by 'NewConnectionError('<pip._vendor.urllib3.connection.HTTPSConnection object at 0x105b2c590>: Failed to establish a new connection: [Errno 8] nodename nor servname provided, or not known')': /simple/sphinx/
WARNING: Retrying (Retry(total=2, connect=None, read=None, redirect=None, status=None)) after connection broken by 'NewConnectionError('<pip._vendor.urllib3.connection.HTTPSConnection object at 0x105b2ce50>: Failed to establish a new connection: [Errno 8] nodename nor servname provided, or not known')': /simple/sphinx/
WARNING: Retrying (Retry(total=1, connect=None, read=None, redirect=None, status=None)) after connection broken by 'NewConnectionError('<pip._vendor.urllib3.connection.HTTPSConnection object at 0x105b2cd10>: Failed to establish a new connection: [Errno 8] nodename nor servname provided, or not known')': /simple/sphinx/
^CERROR: Operation cancelled by user
(tran) hoangduytran@Hoangs-MacBook-Pro blender_docs % python -m pip install -r requirements.txt
Collecting sphinx==3.3.1
  Downloading Sphinx-3.3.1-py3-none-any.whl (2.9 MB)
     |████████████████████████████████| 2.9 MB 10.3 MB/s 
Collecting sphinx-intl==2.0.1
  Downloading sphinx-intl-2.0.1.tar.gz (17 kB)
Collecting sphinx_rtd_theme==0.5.0
  Downloading sphinx_rtd_theme-0.5.0-py2.py3-none-any.whl (10.8 MB)
     |████████████████████████████████| 10.8 MB 6.0 MB/s 
Collecting imagesize
  Downloading imagesize-1.2.0-py2.py3-none-any.whl (4.8 kB)
Collecting alabaster<0.8,>=0.7
  Downloading alabaster-0.7.12-py2.py3-none-any.whl (14 kB)
Collecting sphinxcontrib-jsmath
  Downloading sphinxcontrib_jsmath-1.0.1-py2.py3-none-any.whl (5.1 kB)
Collecting Jinja2>=2.3
  Downloading Jinja2-2.11.2-py2.py3-none-any.whl (125 kB)
     |████████████████████████████████| 125 kB 3.4 MB/s 
Requirement already satisfied: setuptools in /Users/hoangduytran/.local/share/virtualenvs/tran-IsQxE3ax/lib/python3.7/site-packages (from sphinx==3.3.1->-r requirements.txt (line 1)) (50.3.2)
Collecting docutils>=0.12
  Downloading docutils-0.16-py2.py3-none-any.whl (548 kB)
     |████████████████████████████████| 548 kB 5.2 MB/s 
Collecting sphinxcontrib-serializinghtml
  Downloading sphinxcontrib_serializinghtml-1.1.4-py2.py3-none-any.whl (89 kB)
     |████████████████████████████████| 89 kB 6.3 MB/s 
Collecting requests>=2.5.0
  Downloading requests-2.25.1-py2.py3-none-any.whl (61 kB)
     |████████████████████████████████| 61 kB 1.9 MB/s 
Collecting sphinxcontrib-applehelp
  Downloading sphinxcontrib_applehelp-1.0.2-py2.py3-none-any.whl (121 kB)
     |████████████████████████████████| 121 kB 6.7 MB/s 
Collecting sphinxcontrib-htmlhelp
  Downloading sphinxcontrib_htmlhelp-1.0.3-py2.py3-none-any.whl (96 kB)
     |████████████████████████████████| 96 kB 3.5 MB/s 
Collecting Pygments>=2.0
  Downloading Pygments-2.7.3-py3-none-any.whl (950 kB)
     |████████████████████████████████| 950 kB 7.5 MB/s 
Collecting sphinxcontrib-devhelp
  Downloading sphinxcontrib_devhelp-1.0.2-py2.py3-none-any.whl (84 kB)
     |████████████████████████████████| 84 kB 5.7 MB/s 
Collecting sphinxcontrib-qthelp
  Downloading sphinxcontrib_qthelp-1.0.3-py2.py3-none-any.whl (90 kB)
     |████████████████████████████████| 90 kB 8.4 MB/s 
Collecting packaging
  Downloading packaging-20.8-py2.py3-none-any.whl (39 kB)
Collecting snowballstemmer>=1.1
  Downloading snowballstemmer-2.0.0-py2.py3-none-any.whl (97 kB)
     |████████████████████████████████| 97 kB 2.0 MB/s 
Collecting babel>=1.3
  Downloading Babel-2.9.0-py2.py3-none-any.whl (8.8 MB)
     |████████████████████████████████| 8.8 MB 4.0 MB/s 
Collecting click
  Downloading click-7.1.2-py2.py3-none-any.whl (82 kB)
     |████████████████████████████████| 82 kB 2.1 MB/s 
Collecting MarkupSafe>=0.23
  Downloading MarkupSafe-1.1.1-cp37-cp37m-macosx_10_6_intel.whl (18 kB)
Collecting certifi>=2017.4.17
  Downloading certifi-2020.12.5-py2.py3-none-any.whl (147 kB)
     |████████████████████████████████| 147 kB 6.4 MB/s 
Collecting idna<3,>=2.5
  Downloading idna-2.10-py2.py3-none-any.whl (58 kB)
     |████████████████████████████████| 58 kB 6.4 MB/s 
Collecting chardet<5,>=3.0.2
  Downloading chardet-4.0.0-py2.py3-none-any.whl (178 kB)
     |████████████████████████████████| 178 kB 42.6 MB/s 
Collecting urllib3<1.27,>=1.21.1
  Downloading urllib3-1.26.2-py2.py3-none-any.whl (136 kB)
     |████████████████████████████████| 136 kB 5.8 MB/s 
Collecting pyparsing>=2.0.2
  Downloading pyparsing-2.4.7-py2.py3-none-any.whl (67 kB)
     |████████████████████████████████| 67 kB 2.1 MB/s 
Collecting pytz>=2015.7
  Downloading pytz-2020.5-py2.py3-none-any.whl (510 kB)
     |████████████████████████████████| 510 kB 3.4 MB/s 
Building wheels for collected packages: sphinx-intl
  Building wheel for sphinx-intl (setup.py) ... done
  Created wheel for sphinx-intl: filename=sphinx_intl-2.0.1-py3-none-any.whl size=11623 sha256=a52eb266a9f1fe765efa3e6d47497f6da415b0c3e7173ff26a6c842ff7347f2e
  Stored in directory: /Users/hoangduytran/Library/Caches/pip/wheels/a9/7d/2d/5518c1be71b597869a2411fc0c585551bf9162a846710f76af
Successfully built sphinx-intl
Installing collected packages: imagesize, alabaster, sphinxcontrib-jsmath, MarkupSafe, Jinja2, docutils, sphinxcontrib-serializinghtml, certifi, idna, chardet, urllib3, requests, sphinxcontrib-applehelp, sphinxcontrib-htmlhelp, Pygments, sphinxcontrib-devhelp, sphinxcontrib-qthelp, pyparsing, packaging, snowballstemmer, pytz, babel, sphinx, click, sphinx-intl, sphinx-rtd-theme
Successfully installed Jinja2-2.11.2 MarkupSafe-1.1.1 Pygments-2.7.3 alabaster-0.7.12 babel-2.9.0 certifi-2020.12.5 chardet-4.0.0 click-7.1.2 docutils-0.16 idna-2.10 imagesize-1.2.0 packaging-20.8 pyparsing-2.4.7 pytz-2020.5 requests-2.25.1 snowballstemmer-2.0.0 sphinx-3.3.1 sphinx-intl-2.0.1 sphinx-rtd-theme-0.5.0 sphinxcontrib-applehelp-1.0.2 sphinxcontrib-devhelp-1.0.2 sphinxcontrib-htmlhelp-1.0.3 sphinxcontrib-jsmath-1.0.1 sphinxcontrib-qthelp-1.0.3 sphinxcontrib-serializinghtml-1.1.4 urllib3-1.26.2
(tran) hoangduytran@Hoangs-MacBook-Pro blender_docs % python
Python 3.7.9 (default, Nov 20 2020, 18:45:38) 
[Clang 12.0.0 (clang-1200.0.32.27)] on darwin
Type "help", "copyright", "credits" or "license" for more information.
>>> import inspect
>>> import sphinx
>>> inspect.getfile(sphinx)
'/Users/hoangduytran/.local/share/virtualenvs/tran-IsQxE3ax/lib/python3.7/site-packages/sphinx/__init__.py'
>>> import os
>>> inspect.getfile(os)
'/usr/local/Cellar/python@3.7/3.7.9_2/Frameworks/Python.framework/Versions/3.7/lib/python3.7/os.py'
>>> 
(tran) hoangduytran@Hoangs-MacBook-Pro blender_docs % 