hoangduytran@MacBook-Pro ~ % brew search python
==> Formulae
app-engine-python          micropython                python@3.7
boost-python               ptpython                   python@3.8
boost-python3              python-markdown            python@3.9
bpython                    python-tabulate            reorder-python-imports
gst-python                 python-tk@3.9              wxpython
ipython                    python-yq
==> Casks
homebrew/cask/awips-python               homebrew/cask/mysql-connector-python
hoangduytran@MacBook-Pro ~ % brew install python@3.8
Updating Homebrew...
==> Auto-updated Homebrew!
Updated 1 tap (homebrew/core).
==> Updated Formulae
Updated 7 formulae.

==> Downloading https://ghcr.io/v2/homebrew/core/gdbm/manifests/1.19
######################################################################## 100.0%
==> Downloading https://ghcr.io/v2/homebrew/core/gdbm/blobs/sha256:3581501b051db1c0d1acccc710fe04453b617
==> Downloading from https://pkg-containers.githubusercontent.com/ghcr1/blobs/sha256:3581501b051db1c0d1a
######################################################################## 100.0%
==> Downloading https://ghcr.io/v2/homebrew/core/mpdecimal/manifests/2.5.1
######################################################################## 100.0%
==> Downloading https://ghcr.io/v2/homebrew/core/mpdecimal/blobs/sha256:255b6226cdcfaf0d40167012593e863e
==> Downloading from https://pkg-containers.githubusercontent.com/ghcr1/blobs/sha256:255b6226cdcfaf0d401
######################################################################## 100.0%
==> Downloading https://ghcr.io/v2/homebrew/core/openssl/1.1/manifests/1.1.1k
Already downloaded: /Users/hoangduytran/Library/Caches/Homebrew/downloads/2efe91096994c33489c066631735a35cc3863cae64fc2ad5b305675fe9d24fed--openssl@1.1-1.1.1k.bottle_manifest.json
==> Downloading https://ghcr.io/v2/homebrew/core/openssl/1.1/blobs/sha256:17d94c51ddfa8364baed5f3a754063
Already downloaded: /Users/hoangduytran/Library/Caches/Homebrew/downloads/bb270b9867427c49afbdb98f1dcb4accd99bf2517be61686f9c314007ff77849--openssl@1.1--1.1.1k.big_sur.bottle.tar.gz
==> Downloading https://ghcr.io/v2/homebrew/core/readline/manifests/8.1
Already downloaded: /Users/hoangduytran/Library/Caches/Homebrew/downloads/b37133a77c8680447162faf218b59fb36ee5d3e1926fbbff244e43581ab9128a--readline-8.1.bottle_manifest.json
==> Downloading https://ghcr.io/v2/homebrew/core/readline/blobs/sha256:2cc3a9582e3c7e21eb3c2c8964abd33e9
Already downloaded: /Users/hoangduytran/Library/Caches/Homebrew/downloads/f49b6ac0f3ac1b67953c3d559505d1f8d76e3e8fc12c0816ef70a4a01c3af9fa--readline--8.1.big_sur.bottle.tar.gz
==> Downloading https://ghcr.io/v2/homebrew/core/sqlite/manifests/3.35.5
######################################################################## 100.0%
==> Downloading https://ghcr.io/v2/homebrew/core/sqlite/blobs/sha256:801e11dff40b2e7067b8e124d266f82050c
==> Downloading from https://pkg-containers.githubusercontent.com/ghcr1/blobs/sha256:801e11dff40b2e7067b
######################################################################## 100.0%
==> Downloading https://ghcr.io/v2/homebrew/core/tcl-tk/manifests/8.6.11_1
######################################################################## 100.0%
==> Downloading https://ghcr.io/v2/homebrew/core/tcl-tk/blobs/sha256:d9ffd39a32e602515594c4658aaab20224d
==> Downloading from https://pkg-containers.githubusercontent.com/ghcr1/blobs/sha256:d9ffd39a32e60251559
######################################################################## 100.0%
==> Downloading https://ghcr.io/v2/homebrew/core/xz/manifests/5.2.5
######################################################################## 100.0%
==> Downloading https://ghcr.io/v2/homebrew/core/xz/blobs/sha256:4fbd4a9e3eb49c27e83bd125b0e76d386c0e12a
==> Downloading from https://pkg-containers.githubusercontent.com/ghcr1/blobs/sha256:4fbd4a9e3eb49c27e83
######################################################################## 100.0%
==> Downloading https://ghcr.io/v2/homebrew/core/python/3.8/manifests/3.8.10
######################################################################## 100.0%
==> Downloading https://ghcr.io/v2/homebrew/core/python/3.8/blobs/sha256:52b3504c2c9e63ded764f97352194fd
==> Downloading from https://pkg-containers.githubusercontent.com/ghcr1/blobs/sha256:52b3504c2c9e63ded76
######################################################################## 100.0%
==> Installing dependencies for python@3.8: gdbm, mpdecimal, openssl@1.1, readline, sqlite, tcl-tk and xz
==> Installing python@3.8 dependency: gdbm
==> Pouring gdbm--1.19.big_sur.bottle.tar.gz
ðŸº  /usr/local/Cellar/gdbm/1.19: 24 files, 791.3KB
==> Installing python@3.8 dependency: mpdecimal
==> Pouring mpdecimal--2.5.1.big_sur.bottle.tar.gz
ðŸº  /usr/local/Cellar/mpdecimal/2.5.1: 71 files, 2.1MB
==> Installing python@3.8 dependency: openssl@1.1
==> Pouring openssl@1.1--1.1.1k.big_sur.bottle.tar.gz
==> Regenerating CA certificate bundle from keychain, this may take a while...
==> Caveats
A CA file has been bootstrapped using certificates from the system
keychain. To add additional certificates, place .pem files in
  /usr/local/etc/openssl@1.1/certs

and run
  /usr/local/opt/openssl@1.1/bin/c_rehash

openssl@1.1 is keg-only, which means it was not symlinked into /usr/local,
because macOS provides LibreSSL.

If you need to have openssl@1.1 first in your PATH, run:
  echo 'export PATH="/usr/local/opt/openssl@1.1/bin:$PATH"' >> ~/.zshrc

For compilers to find openssl@1.1 you may need to set:
  export LDFLAGS="-L/usr/local/opt/openssl@1.1/lib"
  export CPPFLAGS="-I/usr/local/opt/openssl@1.1/include"

==> Summary
ðŸº  /usr/local/Cellar/openssl@1.1/1.1.1k: 8,071 files, 18.5MB
==> Installing python@3.8 dependency: readline
==> Pouring readline--8.1.big_sur.bottle.tar.gz
==> Caveats
readline is keg-only, which means it was not symlinked into /usr/local,
because macOS provides BSD libedit.

For compilers to find readline you may need to set:
  export LDFLAGS="-L/usr/local/opt/readline/lib"
  export CPPFLAGS="-I/usr/local/opt/readline/include"

==> Summary
ðŸº  /usr/local/Cellar/readline/8.1: 48 files, 1.6MB
==> Installing python@3.8 dependency: sqlite
==> Pouring sqlite--3.35.5.big_sur.bottle.tar.gz
==> Caveats
sqlite is keg-only, which means it was not symlinked into /usr/local,
because macOS already provides this software and installing another version in
parallel can cause all kinds of trouble.

If you need to have sqlite first in your PATH, run:
  echo 'export PATH="/usr/local/opt/sqlite/bin:$PATH"' >> ~/.zshrc

For compilers to find sqlite you may need to set:
  export LDFLAGS="-L/usr/local/opt/sqlite/lib"
  export CPPFLAGS="-I/usr/local/opt/sqlite/include"

==> Summary
ðŸº  /usr/local/Cellar/sqlite/3.35.5: 11 files, 4.2MB
==> Installing python@3.8 dependency: tcl-tk
==> Pouring tcl-tk--8.6.11_1.big_sur.bottle.tar.gz
==> Caveats
tcl-tk is keg-only, which means it was not symlinked into /usr/local,
because macOS already provides this software and installing another version in
parallel can cause all kinds of trouble.

If you need to have tcl-tk first in your PATH, run:
  echo 'export PATH="/usr/local/opt/tcl-tk/bin:$PATH"' >> ~/.zshrc

For compilers to find tcl-tk you may need to set:
  export LDFLAGS="-L/usr/local/opt/tcl-tk/lib"
  export CPPFLAGS="-I/usr/local/opt/tcl-tk/include"

==> Summary
ðŸº  /usr/local/Cellar/tcl-tk/8.6.11_1: 3,041 files, 51.6MB
==> Installing python@3.8 dependency: xz
==> Pouring xz--5.2.5.big_sur.bottle.tar.gz
ðŸº  /usr/local/Cellar/xz/5.2.5: 95 files, 1.4MB
==> Installing python@3.8
==> Pouring python@3.8--3.8.10.big_sur.bottle.tar.gz
==> /usr/local/Cellar/python@3.8/3.8.10/bin/python3 -s setup.py --no-user-cfg install --force --verbose 
==> /usr/local/Cellar/python@3.8/3.8.10/bin/python3 -s setup.py --no-user-cfg install --force --verbose 
==> /usr/local/Cellar/python@3.8/3.8.10/bin/python3 -s setup.py --no-user-cfg install --force --verbose 
==> Caveats
Python has been installed as
  /usr/local/opt/python@3.8/bin/python3

Unversioned symlinks `python`, `python-config`, `pip` etc. pointing to
`python3`, `python3-config`, `pip3` etc., respectively, have been installed into
  /usr/local/opt/python@3.8/libexec/bin

You can install Python packages with
  /usr/local/opt/python@3.8/bin/pip3 install <package>
They will install into the site-package directory
  /usr/local/lib/python3.8/site-packages

See: https://docs.brew.sh/Homebrew-and-Python

python@3.8 is keg-only, which means it was not symlinked into /usr/local,
because this is an alternate version of another formula.

If you need to have python@3.8 first in your PATH, run:
  echo 'export PATH="/usr/local/opt/python@3.8/bin:$PATH"' >> ~/.zshrc

For compilers to find python@3.8 you may need to set:
  export LDFLAGS="-L/usr/local/opt/python@3.8/lib"

==> Summary
ðŸº  /usr/local/Cellar/python@3.8/3.8.10: 4,423 files, 71.2MB
==> Caveats
==> openssl@1.1
A CA file has been bootstrapped using certificates from the system
keychain. To add additional certificates, place .pem files in
  /usr/local/etc/openssl@1.1/certs

and run
  /usr/local/opt/openssl@1.1/bin/c_rehash

openssl@1.1 is keg-only, which means it was not symlinked into /usr/local,
because macOS provides LibreSSL.

If you need to have openssl@1.1 first in your PATH, run:
  echo 'export PATH="/usr/local/opt/openssl@1.1/bin:$PATH"' >> ~/.zshrc

For compilers to find openssl@1.1 you may need to set:
  export LDFLAGS="-L/usr/local/opt/openssl@1.1/lib"
  export CPPFLAGS="-I/usr/local/opt/openssl@1.1/include"

==> readline
readline is keg-only, which means it was not symlinked into /usr/local,
because macOS provides BSD libedit.

For compilers to find readline you may need to set:
  export LDFLAGS="-L/usr/local/opt/readline/lib"
  export CPPFLAGS="-I/usr/local/opt/readline/include"

==> sqlite
sqlite is keg-only, which means it was not symlinked into /usr/local,
because macOS already provides this software and installing another version in
parallel can cause all kinds of trouble.

If you need to have sqlite first in your PATH, run:
  echo 'export PATH="/usr/local/opt/sqlite/bin:$PATH"' >> ~/.zshrc

For compilers to find sqlite you may need to set:
  export LDFLAGS="-L/usr/local/opt/sqlite/lib"
  export CPPFLAGS="-I/usr/local/opt/sqlite/include"

==> tcl-tk
tcl-tk is keg-only, which means it was not symlinked into /usr/local,
because macOS already provides this software and installing another version in
parallel can cause all kinds of trouble.

If you need to have tcl-tk first in your PATH, run:
  echo 'export PATH="/usr/local/opt/tcl-tk/bin:$PATH"' >> ~/.zshrc

For compilers to find tcl-tk you may need to set:
  export LDFLAGS="-L/usr/local/opt/tcl-tk/lib"
  export CPPFLAGS="-I/usr/local/opt/tcl-tk/include"

==> python@3.8
Python has been installed as
  /usr/local/opt/python@3.8/bin/python3

Unversioned symlinks `python`, `python-config`, `pip` etc. pointing to
`python3`, `python3-config`, `pip3` etc., respectively, have been installed into
  /usr/local/opt/python@3.8/libexec/bin

You can install Python packages with
  /usr/local/opt/python@3.8/bin/pip3 install <package>
They will install into the site-package directory
  /usr/local/lib/python3.8/site-packages

See: https://docs.brew.sh/Homebrew-and-Python

python@3.8 is keg-only, which means it was not symlinked into /usr/local,
because this is an alternate version of another formula.

If you need to have python@3.8 first in your PATH, run:
  echo 'export PATH="/usr/local/opt/python@3.8/bin:$PATH"' >> ~/.zshrc

For compilers to find python@3.8 you may need to set:
  export LDFLAGS="-L/usr/local/opt/python@3.8/lib"

hoangduytran@MacBook-Pro ~ % 