hoangduytran@MacBook-Pro blender_docs % brew install subversion > ~/20210521_install_subversion_bigsur.log

==> Downloading https://ghcr.io/v2/homebrew/core/apr/manifests/1.7.0_2
Already downloaded: /Users/hoangduytran/Library/Caches/Homebrew/downloads/bea860ee12694d9b28c54323f66a2ed14e5b7b44c7fd2568ddd179b86f27829e--apr-1.7.0_2.bottle_manifest.json
==> Downloading https://ghcr.io/v2/homebrew/core/apr/blobs/sha256:d9a9554a726ec60e124055a55747e6e7f4cff6310955d6340be340ac053ac097
Already downloaded: /Users/hoangduytran/Library/Caches/Homebrew/downloads/ea5a8bf7a3b900af47e7c7da1a54ea03d2bafc71a58bef96ba511eeee9b4acde--apr--1.7.0_2.big_sur.bottle.tar.gz
==> Downloading https://ghcr.io/v2/homebrew/core/apr-util/manifests/1.6.1_3
Already downloaded: /Users/hoangduytran/Library/Caches/Homebrew/downloads/455c05bfd9638f75d0230e9d50505fabd95c7146ae3648d6bb047827bee1ca9e--apr-util-1.6.1_3.bottle_manifest.json
==> Downloading https://ghcr.io/v2/homebrew/core/apr-util/blobs/sha256:34dd598e189eefff7e09be3ee92c17816353b02cd1eb7b333ea4c74cd6204ffd
Already downloaded: /Users/hoangduytran/Library/Caches/Homebrew/downloads/93a469a5aff24a3973cb1705bdbe11f2f44cafd29f50bcd137753eda98fea330--apr-util--1.6.1_3.big_sur.bottle.tar.gz
==> Downloading https://ghcr.io/v2/homebrew/core/gettext/manifests/0.21
Already downloaded: /Users/hoangduytran/Library/Caches/Homebrew/downloads/66569d4eb02ec67195446d3dcba7d7806a35f88f629a55b43ba53fb1febb1f56--gettext-0.21.bottle_manifest.json
==> Downloading https://ghcr.io/v2/homebrew/core/gettext/blobs/sha256:a025e143fe3f5f7e24a936b8b0a4926acfdd025b11d62024e3d355c106536d56
Already downloaded: /Users/hoangduytran/Library/Caches/Homebrew/downloads/56f8e2a346bf8ce27f5f2aadbc0b3163e78d8cae1fcfd9f462477cd4b821479f--gettext--0.21.big_sur.bottle.tar.gz
==> Downloading https://ghcr.io/v2/homebrew/core/lz4/manifests/1.9.3
==> Downloading https://ghcr.io/v2/homebrew/core/lz4/blobs/sha256:7024d0b6ee857352cbd3138f752496b87fa27252adbc6daefa4a6c64d3e347e5
==> Downloading from https://pkg-containers.githubusercontent.com/ghcr1/blobs/sha256:7024d0b6ee857352cbd3138f752496b87fa27252adbc6daefa4a6c64d3e347e5?se=2021-05-21T19%3A05%3A00Z&sig=2K7vfglheoZ6r%2FPoFgaSGqyM9R3ZD8FWh6wKB%2BlptPg%3D&sp=r&spr=https&sr=b&sv=2019-12-12
==> Downloading https://ghcr.io/v2/homebrew/core/utf8proc/manifests/2.6.1
==> Downloading https://ghcr.io/v2/homebrew/core/utf8proc/blobs/sha256:7d57bb4f93fdfd377fda65e74b9bf1cb7b2b4875a4481682a4b2a39cfe65d3e7
==> Downloading from https://pkg-containers.githubusercontent.com/ghcr1/blobs/sha256:7d57bb4f93fdfd377fda65e74b9bf1cb7b2b4875a4481682a4b2a39cfe65d3e7?se=2021-05-21T19%3A05%3A00Z&sig=ao6l%2ForTv3q9%2FNDpC5bzv5wf%2BlvsHTx5AHbvY9AO2W0%3D&sp=r&spr=https&sr=b&sv=2019-12-12
==> Downloading https://ghcr.io/v2/homebrew/core/subversion/manifests/1.14.1_1
==> Downloading https://ghcr.io/v2/homebrew/core/subversion/blobs/sha256:b35d05510851c952fb29dfab08291eef60a8635ccd5c04133dca9bfe8d2d3489
==> Downloading from https://pkg-containers.githubusercontent.com/ghcr1/blobs/sha256:b35d05510851c952fb29dfab08291eef60a8635ccd5c04133dca9bfe8d2d3489?se=2021-05-21T19%3A05%3A00Z&sig=S3r6iNA2fyj2UUk7r0aN%2BVUUImudy8eNCxRfDRin6ec%3D&sp=r&spr=https&sr=b&sv=2019-12-12
==> Installing dependencies for subversion: apr, apr-util, gettext, lz4 and utf8proc
==> Installing subversion dependency: apr
==> Pouring apr--1.7.0_2.big_sur.bottle.tar.gz
==> Caveats
apr is keg-only, which means it was not symlinked into /usr/local,
because Apple's CLT provides apr.

If you need to have apr first in your PATH, run:
  echo 'export PATH="/usr/local/opt/apr/bin:$PATH"' >> ~/.zshrc

For compilers to find apr you may need to set:
  export LDFLAGS="-L/usr/local/opt/apr/lib"
  export CPPFLAGS="-I/usr/local/opt/apr/include"

==> Summary
ðŸº  /usr/local/Cellar/apr/1.7.0_2: 104 files, 1.4MB
==> Installing subversion dependency: apr-util
==> Pouring apr-util--1.6.1_3.big_sur.bottle.tar.gz
==> Caveats
apr-util is keg-only, which means it was not symlinked into /usr/local,
because Apple's CLT provides apr (but not apr-util).

If you need to have apr-util first in your PATH, run:
  echo 'export PATH="/usr/local/opt/apr-util/bin:$PATH"' >> ~/.zshrc

==> Summary
ðŸº  /usr/local/Cellar/apr-util/1.6.1_3: 54 files, 878.4KB
==> Installing subversion dependency: gettext
==> Pouring gettext--0.21.big_sur.bottle.tar.gz
ðŸº  /usr/local/Cellar/gettext/0.21: 1,953 files, 19.8MB
==> Installing subversion dependency: lz4
==> Pouring lz4--1.9.3.big_sur.bottle.tar.gz
ðŸº  /usr/local/Cellar/lz4/1.9.3: 22 files, 657.8KB
==> Installing subversion dependency: utf8proc
==> Pouring utf8proc--2.6.1.big_sur.bottle.tar.gz
ðŸº  /usr/local/Cellar/utf8proc/2.6.1: 10 files, 752.2KB
==> Installing subversion
==> Pouring subversion--1.14.1_1.big_sur.bottle.tar.gz
==> Caveats
svntools have been installed to:
  /usr/local/opt/subversion/libexec

The perl bindings are located in various subdirectories of:
  /usr/local/opt/subversion/lib/perl5

You may need to link the Java bindings into the Java Extensions folder:
  sudo mkdir -p /Library/Java/Extensions
  sudo ln -s /usr/local/lib/libsvnjavahl-1.dylib /Library/Java/Extensions/libsvnjavahl-1.dylib
==> Summary
ðŸº  /usr/local/Cellar/subversion/1.14.1_1: 234 files, 32.1MB
==> Caveats
==> apr
apr is keg-only, which means it was not symlinked into /usr/local,
because Apple's CLT provides apr.

If you need to have apr first in your PATH, run:
  echo 'export PATH="/usr/local/opt/apr/bin:$PATH"' >> ~/.zshrc

For compilers to find apr you may need to set:
  export LDFLAGS="-L/usr/local/opt/apr/lib"
  export CPPFLAGS="-I/usr/local/opt/apr/include"

==> apr-util
apr-util is keg-only, which means it was not symlinked into /usr/local,
because Apple's CLT provides apr (but not apr-util).

If you need to have apr-util first in your PATH, run:
  echo 'export PATH="/usr/local/opt/apr-util/bin:$PATH"' >> ~/.zshrc

==> subversion
svntools have been installed to:
  /usr/local/opt/subversion/libexec

The perl bindings are located in various subdirectories of:
  /usr/local/opt/subversion/lib/perl5

You may need to link the Java bindings into the Java Extensions folder:
  sudo mkdir -p /Library/Java/Extensions
  sudo ln -s /usr/local/lib/libsvnjavahl-1.dylib /Library/Java/Extensions/libsvnjavahl-1.dylib
